This is pdfTeX, Version 3.141592653-2.6-1.40.24 (MiKTeX 22.3) (preloaded format=pdflatex 2022.4.20)  22 MAY 2022 19:06
entering extended mode
 restricted \write18 enabled.
 %&-line parsing enabled.
**./eindverslag.tex
(eindverslag.tex
LaTeX2e <2021-11-15> patch level 1
L3 programming layer <2022-02-24>
(C:\Users\gally\AppData\Local\Programs\MiKTeX\tex/latex/base\report.cls
Document Class: report 2021/10/04 v1.4n Standard LaTeX document class
(C:\Users\gally\AppData\Local\Programs\MiKTeX\tex/latex/base\size11.clo
File: size11.clo 2021/10/04 v1.4n Standard LaTeX file (size option)
)
\c@part=\count185
\c@chapter=\count186
\c@section=\count187
\c@subsection=\count188
\c@subsubsection=\count189
\c@paragraph=\count190
\c@subparagraph=\count191
\c@figure=\count192
\c@table=\count193
\abovecaptionskip=\skip47
\belowcaptionskip=\skip48
\bibindent=\dimen138
)
(C:\Users\gally\AppData\Local\Programs\MiKTeX\tex/latex/base\inputenc.sty
Package: inputenc 2021/02/14 v1.3d Input encoding file
\inpenc@prehook=\toks16
\inpenc@posthook=\toks17
)
(C:\Users\gally\AppData\Local\Programs\MiKTeX\tex/latex/amsmath\amsmath.sty
Package: amsmath 2021/10/15 v2.17l AMS math features
\@mathmargin=\skip49

For additional information on amsmath, use the `?' option.
(C:\Users\gally\AppData\Local\Programs\MiKTeX\tex/latex/amsmath\amstext.sty
Package: amstext 2021/08/26 v2.01 AMS text

(C:\Users\gally\AppData\Local\Programs\MiKTeX\tex/latex/amsmath\amsgen.sty
File: amsgen.sty 1999/11/30 v2.0 generic functions
\@emptytoks=\toks18
\ex@=\dimen139
))
(C:\Users\gally\AppData\Local\Programs\MiKTeX\tex/latex/amsmath\amsbsy.sty
Package: amsbsy 1999/11/29 v1.2d Bold Symbols
\pmbraise@=\dimen140
)
(C:\Users\gally\AppData\Local\Programs\MiKTeX\tex/latex/amsmath\amsopn.sty
Package: amsopn 2021/08/26 v2.02 operator names
)
\inf@bad=\count194
LaTeX Info: Redefining \frac on input line 234.
\uproot@=\count195
\leftroot@=\count196
LaTeX Info: Redefining \overline on input line 399.
\classnum@=\count197
\DOTSCASE@=\count198
LaTeX Info: Redefining \ldots on input line 496.
LaTeX Info: Redefining \dots on input line 499.
LaTeX Info: Redefining \cdots on input line 620.
\Mathstrutbox@=\box50
\strutbox@=\box51
\big@size=\dimen141
LaTeX Font Info:    Redeclaring font encoding OML on input line 743.
LaTeX Font Info:    Redeclaring font encoding OMS on input line 744.
\macc@depth=\count199
\c@MaxMatrixCols=\count266
\dotsspace@=\muskip16
\c@parentequation=\count267
\dspbrk@lvl=\count268
\tag@help=\toks19
\row@=\count269
\column@=\count270
\maxfields@=\count271
\andhelp@=\toks20
\eqnshift@=\dimen142
\alignsep@=\dimen143
\tagshift@=\dimen144
\tagwidth@=\dimen145
\totwidth@=\dimen146
\lineht@=\dimen147
\@envbody=\toks21
\multlinegap=\skip50
\multlinetaggap=\skip51
\mathdisplay@stack=\toks22
LaTeX Info: Redefining \[ on input line 2938.
LaTeX Info: Redefining \] on input line 2939.
)
(C:\Users\gally\AppData\Local\Programs\MiKTeX\tex/latex/amsfonts\amssymb.sty
Package: amssymb 2013/01/14 v3.01 AMS font symbols

(C:\Users\gally\AppData\Local\Programs\MiKTeX\tex/latex/amsfonts\amsfonts.sty
Package: amsfonts 2013/01/14 v3.01 Basic AMSFonts support
\symAMSa=\mathgroup4
\symAMSb=\mathgroup5
LaTeX Font Info:    Redeclaring math symbol \hbar on input line 98.
LaTeX Font Info:    Overwriting math alphabet `\mathfrak' in version `bold'
(Font)                  U/euf/m/n --> U/euf/b/n on input line 106.
)) (mathtools.sty
Package: mathtools 2022/02/07 v1.28a mathematical typesetting tools

(C:\Users\gally\AppData\Local\Programs\MiKTeX\tex/latex/graphics\keyval.sty
Package: keyval 2014/10/28 v1.15 key=value parser (DPC)
\KV@toks@=\toks23
)
(C:\Users\gally\AppData\Local\Programs\MiKTeX\tex/latex/tools\calc.sty
Package: calc 2017/05/25 v4.3 Infix arithmetic (KKT,FJ)
\calc@Acount=\count272
\calc@Bcount=\count273
\calc@Adimen=\dimen148
\calc@Bdimen=\dimen149
\calc@Askip=\skip52
\calc@Bskip=\skip53
LaTeX Info: Redefining \setlength on input line 80.
LaTeX Info: Redefining \addtolength on input line 81.
\calc@Ccount=\count274
\calc@Cskip=\skip54
)
(mhsetup.sty
Package: mhsetup 2021/03/18 v1.4 programming setup (MH)
)
\g_MT_multlinerow_int=\count275
\l_MT_multwidth_dim=\dimen150
\origjot=\skip55
\l_MT_shortvdotswithinadjustabove_dim=\dimen151
\l_MT_shortvdotswithinadjustbelow_dim=\dimen152
\l_MT_above_intertext_sep=\dimen153
\l_MT_below_intertext_sep=\dimen154
\l_MT_above_shortintertext_sep=\dimen155
\l_MT_below_shortintertext_sep=\dimen156
\xmathstrut@box=\box52
\xmathstrut@dim=\dimen157
)
(C:\Users\gally\AppData\Local\Programs\MiKTeX\tex/latex/graphics\graphicx.sty
Package: graphicx 2021/09/16 v1.2d Enhanced LaTeX Graphics (DPC,SPQR)

(C:\Users\gally\AppData\Local\Programs\MiKTeX\tex/latex/graphics\graphics.sty
Package: graphics 2021/03/04 v1.4d Standard LaTeX Graphics (DPC,SPQR)

(C:\Users\gally\AppData\Local\Programs\MiKTeX\tex/latex/graphics\trig.sty
Package: trig 2021/08/11 v1.11 sin cos tan (DPC)
)
(C:\Users\gally\AppData\Local\Programs\MiKTeX\tex/latex/graphics-cfg\graphics.c
fg
File: graphics.cfg 2016/06/04 v1.11 sample graphics configuration
)
Package graphics Info: Driver file: pdftex.def on input line 107.

(C:\Users\gally\AppData\Local\Programs\MiKTeX\tex/latex/graphics-def\pdftex.def
File: pdftex.def 2020/10/05 v1.2a Graphics/color driver for pdftex
))
\Gin@req@height=\dimen158
\Gin@req@width=\dimen159
)
(C:\Users\gally\AppData\Local\Programs\MiKTeX\tex/latex/glossaries/base\glossar
ies.sty
Package: glossaries 2021/11/01 v4.49 (NLCT)
 (C:\Users\gally\AppData\Local\Programs\MiKTeX\tex/latex/base\ifthen.sty
Package: ifthen 2020/11/24 v1.1c Standard LaTeX ifthen package (DPC)
) (C:\Users\gally\AppData\Local\Programs\MiKTeX\tex/latex/xkeyval\xkeyval.sty
Package: xkeyval 2020/11/20 v2.8 package option processing (HA)

(C:\Users\gally\AppData\Local\Programs\MiKTeX\tex/generic/xkeyval\xkeyval.tex
(C:\Users\gally\AppData\Local\Programs\MiKTeX\tex/generic/xkeyval\xkvutils.tex
\XKV@toks=\toks24
\XKV@tempa@toks=\toks25
)
\XKV@depth=\count276
File: xkeyval.tex 2014/12/03 v2.7a key=value parser (HA)
))
(C:\Users\gally\AppData\Local\Programs\MiKTeX\tex/latex/mfirstuc\mfirstuc.sty
Package: mfirstuc 2021/10/15 v2.07 (NLCT)

(C:\Users\gally\AppData\Local\Programs\MiKTeX\tex/latex/etoolbox\etoolbox.sty
Package: etoolbox 2020/10/05 v2.5k e-TeX tools for LaTeX (JAW)
\etb@tempcnta=\count277
)
\@glsmfirst=\toks26
\@glsmrest=\toks27
) (C:\Users\gally\AppData\Local\Programs\MiKTeX\tex/latex/textcase\textcase.sty
Package: textcase 2019/09/14 v1.00 Text only upper/lower case changing (DPC)
) (C:\Users\gally\AppData\Local\Programs\MiKTeX\tex/latex/xfor\xfor.sty
Package: xfor 2009/02/05 v1.05 (NLCT)
)
(C:\Users\gally\AppData\Local\Programs\MiKTeX\tex/latex/datatool\datatool-base.
sty
Package: datatool-base 2019/09/27 v2.32 (NLCT)
 (C:\Users\gally\AppData\Local\Programs\MiKTeX\tex/latex/substr\substr.sty
Package: substr 2009/10/20 v1.2 Handle substrings
\c@su@anzahl=\count278
)
(C:\Users\gally\AppData\Local\Programs\MiKTeX\tex/latex/datatool\datatool-fp.st
y
Package: datatool-fp 2019/09/27 v2.32 (NLCT)
 (C:\Users\gally\AppData\Local\Programs\MiKTeX\tex/latex/fp\fp.sty
Package: fp 1995/04/02

`Fixed Point Package', Version 0.8, April 2, 1995 (C) Michael Mehlich
(C:\Users\gally\AppData\Local\Programs\MiKTeX\tex/latex/fp\defpattern.sty
Package: defpattern 1994/10/12
\actioncount=\count279
)
(C:\Users\gally\AppData\Local\Programs\MiKTeX\tex/latex/fp\fp-basic.sty
Package: fp-basic 1996/05/13
\FP@xs=\count280
\FP@xia=\count281
\FP@xib=\count282
\FP@xfa=\count283
\FP@xfb=\count284
\FP@rega=\count285
\FP@regb=\count286
\FP@regs=\count287
\FP@times=\count288
)
(C:\Users\gally\AppData\Local\Programs\MiKTeX\tex/latex/fp\fp-addons.sty
Package: fp-addons 1995/03/15
)
(C:\Users\gally\AppData\Local\Programs\MiKTeX\tex/latex/fp\fp-snap.sty
Package: fp-snap 1995/04/05
)
(C:\Users\gally\AppData\Local\Programs\MiKTeX\tex/latex/fp\fp-exp.sty
Package: fp-exp 1995/04/03
)
(C:\Users\gally\AppData\Local\Programs\MiKTeX\tex/latex/fp\fp-trigo.sty
Package: fp-trigo 1995/04/14
)
(C:\Users\gally\AppData\Local\Programs\MiKTeX\tex/latex/fp\fp-pas.sty
Package: fp-pas 1994/08/29
)
(C:\Users\gally\AppData\Local\Programs\MiKTeX\tex/latex/fp\fp-random.sty
Package: fp-random 1995/02/23
\FPseed=\count289
)
(C:\Users\gally\AppData\Local\Programs\MiKTeX\tex/latex/fp\fp-eqn.sty
Package: fp-eqn 1995/04/03
)
(C:\Users\gally\AppData\Local\Programs\MiKTeX\tex/latex/fp\fp-upn.sty
Package: fp-upn 1996/10/21
)
(C:\Users\gally\AppData\Local\Programs\MiKTeX\tex/latex/fp\fp-eval.sty
Package: fp-eval 1995/04/03
)))
\@dtl@toks=\toks28
\@dtl@tmpcount=\count290
\dtl@tmplength=\skip56
\dtl@sortresult=\count291
\@dtl@numgrpsepcount=\count292
\@dtl@datatype=\count293
\dtl@codeA=\count294
\dtl@codeB=\count295
\@dtl@foreach@level=\count296
)
(C:\Users\gally\AppData\Local\Programs\MiKTeX\tex/latex/glossaries/base\glossar
ies-compatible-307.sty
Package: glossaries-compatible-307 2021/11/01 v4.49 (NLCT)
)
\gls@level=\count297
\@gls@tmpb=\toks29
\gls@tmplen=\skip57
\glskeylisttok=\toks30
\glslabeltok=\toks31
\glsshorttok=\toks32
\glslongtok=\toks33

(C:\Users\gally\AppData\Local\Programs\MiKTeX\tex/latex/glossaries/styles\gloss
ary-hypernav.sty
Package: glossary-hypernav 2021/11/01 v4.49 (NLCT)
)
(C:\Users\gally\AppData\Local\Programs\MiKTeX\tex/latex/glossaries/styles\gloss
ary-list.sty
Package: glossary-list 2021/11/01 v4.49 (NLCT)
\glslistdottedwidth=\skip58
)
(C:\Users\gally\AppData\Local\Programs\MiKTeX\tex/latex/glossaries/styles\gloss
ary-long.sty
Package: glossary-long 2021/11/01 v4.49 (NLCT)

(C:\Users\gally\AppData\Local\Programs\MiKTeX\tex/latex/tools\longtable.sty
Package: longtable 2021-09-01 v4.17 Multi-page Table package (DPC)
\LTleft=\skip59
\LTright=\skip60
\LTpre=\skip61
\LTpost=\skip62
\LTchunksize=\count298
\LTcapwidth=\dimen160
\LT@head=\box53
\LT@firsthead=\box54
\LT@foot=\box55
\LT@lastfoot=\box56
\LT@gbox=\box57
\LT@cols=\count299
\LT@rows=\count300
\c@LT@tables=\count301
\c@LT@chunks=\count302
\LT@p@ftn=\toks34
)
\glsdescwidth=\skip63
\glspagelistwidth=\skip64
)
(C:\Users\gally\AppData\Local\Programs\MiKTeX\tex/latex/glossaries/styles\gloss
ary-super.sty
Package: glossary-super 2021/11/01 v4.49 (NLCT)

(C:\Users\gally\AppData\Local\Programs\MiKTeX\tex/latex/supertabular\supertabul
ar.sty
Package: supertabular 2020/02/02 v4.1g the supertabular environment
\c@tracingst=\count303
\ST@wd=\dimen161
\ST@rightskip=\skip65
\ST@leftskip=\skip66
\ST@parfillskip=\skip67
\ST@pageleft=\dimen162
\ST@headht=\dimen163
\ST@tailht=\dimen164
\ST@pagesofar=\dimen165
\ST@pboxht=\dimen166
\ST@lineht=\dimen167
\ST@prevht=\dimen168
\ST@toadd=\dimen169
\ST@dimen=\dimen170
\ST@pbox=\box58
))
(C:\Users\gally\AppData\Local\Programs\MiKTeX\tex/latex/glossaries/styles\gloss
ary-tree.sty
Package: glossary-tree 2021/11/01 v4.49 (NLCT)
\glstreeindent=\skip68
))
(C:\Users\gally\AppData\Local\Programs\MiKTeX\tex/latex/varwidth\varwidth.sty
Package: varwidth 2009/03/30 ver 0.92;  Variable-width minipages
\@vwid@box=\box59
\sift@deathcycles=\count304
\@vwid@loff=\dimen171
\@vwid@roff=\dimen172
)
(C:\Users\gally\AppData\Local\Programs\MiKTeX\tex/latex/tools\verbatim.sty
Package: verbatim 2020-07-07 v1.5u LaTeX2e package for verbatim enhancements
\every@verbatim=\toks35
\verbatim@line=\toks36
\verbatim@in@stream=\read2
)
(C:\Users\gally\AppData\Local\Programs\MiKTeX\tex/latex/tools\array.sty
Package: array 2021/10/04 v2.5f Tabular extension package (FMi)
\col@sep=\dimen173
\ar@mcellbox=\box60
\extrarowheight=\dimen174
\NC@list=\toks37
\extratabsurround=\skip69
\backup@length=\skip70
\ar@cellbox=\box61
)
\symCMsymbols=\mathgroup6
LaTeX Font Info:    Overwriting symbol font `CMsymbols' in version `bold'
(Font)                  OMS/cmsy/m/n --> OMS/cmsy/b/n on input line 54.
LaTeX Font Info:    Redeclaring math symbol \forall on input line 55.
LaTeX Font Info:    Redeclaring math symbol \exists on input line 56.

(C:\Users\gally\AppData\Local\Programs\MiKTeX\tex/latex/l3backend\l3backend-pdf
tex.def
File: l3backend-pdftex.def 2022-02-07 L3 backend support: PDF output (pdfTeX)
\l__color_backend_stack_int=\count305
\l__pdf_internal_box=\box62
) (eindverslag.aux)
\openout1 = `eindverslag.aux'.

LaTeX Font Info:    Checking defaults for OML/cmm/m/it on input line 93.
LaTeX Font Info:    ... okay on input line 93.
LaTeX Font Info:    Checking defaults for OMS/cmsy/m/n on input line 93.
LaTeX Font Info:    ... okay on input line 93.
LaTeX Font Info:    Checking defaults for OT1/cmr/m/n on input line 93.
LaTeX Font Info:    ... okay on input line 93.
LaTeX Font Info:    Checking defaults for T1/cmr/m/n on input line 93.
LaTeX Font Info:    ... okay on input line 93.
LaTeX Font Info:    Checking defaults for TS1/cmr/m/n on input line 93.
LaTeX Font Info:    ... okay on input line 93.
LaTeX Font Info:    Checking defaults for OMX/cmex/m/n on input line 93.
LaTeX Font Info:    ... okay on input line 93.
LaTeX Font Info:    Checking defaults for U/cmr/m/n on input line 93.
LaTeX Font Info:    ... okay on input line 93.

(C:\Users\gally\AppData\Local\Programs\MiKTeX\tex/context/base/mkii\supp-pdf.mk
ii
[Loading MPS to PDF converter (version 2006.09.02).]
\scratchcounter=\count306
\scratchdimen=\dimen175
\scratchbox=\box63
\nofMPsegments=\count307
\nofMParguments=\count308
\everyMPshowfont=\toks38
\MPscratchCnt=\count309
\MPscratchDim=\dimen176
\MPnumerator=\count310
\makeMPintoPDFobject=\count311
\everyMPtoPDFconversion=\toks39
)
(C:\Users\gally\AppData\Local\Programs\MiKTeX\tex/latex/epstopdf-pkg\epstopdf-b
ase.sty
Package: epstopdf-base 2020-01-24 v2.11 Base part for package epstopdf
Package epstopdf-base Info: Redefining graphics rule for `.eps' on input line 4
85.

(C:\Users\gally\AppData\Local\Programs\MiKTeX\tex/latex/00miktex\epstopdf-sys.c
fg
File: epstopdf-sys.cfg 2021/03/18 v2.0 Configuration of epstopdf for MiKTeX
)) (eindverslag.glsdefs)
LaTeX Font Info:    Trying to load font information for U+msa on input line 97.


(C:\Users\gally\AppData\Local\Programs\MiKTeX\tex/latex/amsfonts\umsa.fd
File: umsa.fd 2013/01/14 v3.01 AMS symbols A
)
LaTeX Font Info:    Trying to load font information for U+msb on input line 97.


(C:\Users\gally\AppData\Local\Programs\MiKTeX\tex/latex/amsfonts\umsb.fd
File: umsb.fd 2013/01/14 v3.01 AMS symbols B
)
[1

{C:/Users/gally/AppData/Local/MiKTeX/fonts/map/pdftex/pdftex.map}] [1]
[2

]
Chapter 1.

Overfull \hbox (1.7763pt too wide) in paragraph at lines 121--123
\OT1/cmr/m/n/10.95 Wij vra-gen u een model (of een on-der-ling samen-hangend aa
n-tal mod-ellen)aan
 []


Overfull \hbox (12.17874pt too wide) in paragraph at lines 121--123
\OT1/cmr/m/n/10.95 te lev-eren, op-dat on-twer-pen van ver-schil-lende, volledi
g geau-toma-tiseerdesluizen
 []

[3

] [4]
Overfull \hbox (15.85915pt too wide) in paragraph at lines 195--219
\OT1/cmr/m/n/10.95 klachtafhan-del-ing geen on-der-zoek geen sec-ond opin-ion i
s pri-or-iteit wel gechecked
 []

[5]
Overfull \hbox (6.06503pt too wide) in paragraph at lines 220--222
\OT1/cmr/m/n/10.95 ged-won-gen func-tion-aliteit aan te passen En-gi-neers hebb
en meer studie moeten
 []

[6]
Overfull \hbox (96.39253pt too wide) in paragraph at lines 240--242
\OT1/cmr/m/n/10.95 They are also known as qual-ity at-tributes. https://www.alt
exsoft.com/blog/business/functional-
 []

[7]
Underfull \hbox (badness 10000) in paragraph at lines 295--295
[]|\OT1/cmr/m/n/9 rapport-veiligheid-van-op-afstand-
 []


Underfull \hbox (badness 4467) in paragraph at lines 305--305
[]|\OT1/cmr/m/n/9 De []deltawerken []Cultuurhistorie
 []


Underfull \hbox (badness 2057) in paragraph at lines 307--307
[]|\OT1/cmr/m/n/9 Sander van Alphen Haal-baarhei-
 []


Underfull \hbox (badness 10000) in paragraph at lines 312--312
[]|\OT1/cmr/m/n/9 Capaciteitsanalyse []van []de
 []


Underfull \hbox (badness 1838) in paragraph at lines 312--312
[]\OT1/cmr/m/n/9 prinses[]margrietsluis []in []lemmer
 []


Underfull \hbox (badness 10000) in paragraph at lines 314--314
[]|\OT1/cmr/m/n/9 bijlagerapport []c []- []analyse
 []


Overfull \hbox (61.07599pt too wide) in paragraph at lines 320--320
[]|\OT1/cmr/m/n/9 https://wiki.woudagemaal.nl/w/index.php/Sluizen| 
 []


LaTeX Warning: Float too large for page by 274.79956pt on input line 324.

[8] [9]
Chapter 2.
<sluismodel.jpg, id=39, 432.61626pt x 234.8775pt>
File: sluismodel.jpg Graphic file (type jpg)
<use sluismodel.jpg>
Package pdftex.def Info: sluismodel.jpg  used on input line 402.
(pdftex.def)             Requested size: 281.19724pt x 152.66856pt.
[10

] [11 <./sluismodel.jpg>]
<sluispassage.png, id=46, 490.83376pt x 689.57625pt>
File: sluispassage.png Graphic file (type png)
<use sluispassage.png>
Package pdftex.def Info: sluispassage.png  used on input line 435.
(pdftex.def)             Requested size: 319.03815pt x 448.21924pt.
 [12] [13 <./sluispassage.png>] [14] [15] [16]
[17]
Chapter 3.
[18

]

LaTeX Warning: Citation `locke_2020' on page 19 undefined on input line 608.


LaTeX Warning: Citation `gnsguides' on page 19 undefined on input line 613.


Overfull \hbox (335.59122pt too wide) in paragraph at lines 619--619
[]\OT1/cmtt/m/n/10.95 In welke staat de automaat zich ook bevindt, in alle rich
tingen kom je vroeg of laat een state tegen, waarin p geldig is. 
 []


Overfull \hbox (59.6542pt too wide) in paragraph at lines 624--624
[]\OT1/cmtt/m/n/10.95 Ookal treedt p nooit p volgens de logica klopt het dan da
t q volgt uit p.[] 
 []


Overfull \hbox (70.46228pt too wide) in paragraph at lines 631--644
 [] 
 []

[19]
Overfull \hbox (508.05185pt too wide) in paragraph at lines 653--653
[]\OT1/cmtt/m/n/10.95 A[] not (Stoplicht.Green && not (Deuren.hoog_open||Deuren
.laag_open||Deuren.stopgaplow1||Deuren.stopgaplow2||Deuren.stopgaphigh1||Deuren
.stopgaphigh2))[] 
 []


Overfull \hbox (778.24017pt too wide) in paragraph at lines 654--654
[]\OT1/cmtt/m/n/10.95 A[] not ((Deuren.hoog_open||Deuren.laag_open||Deuren.Open
ing_laag||Deuren.Opening_hoog||Deuren.Closing_hoog||Deuren.Closing_laag) && (Sl
uis.Draining||Sluis.Filling||Sluis.draining2||Sluis.Filling2))[] 
 []


Overfull \hbox (71.15158pt too wide) in paragraph at lines 657--657
[]\OT1/cmtt/m/n/10.95 (Deuren.hoog_open||Deuren.laag_open)-->(Deuren.laag_open|
|Deuren.hoog_open)[] 
 []

[20]
Overfull \hbox (508.05185pt too wide) in paragraph at lines 704--704
[]\OT1/cmtt/m/n/10.95 Als het schip boven is, dan is waterlvel gelijk aan hoog,
 filling valve is dicht, lower gates zijn gesloten, uppergates zijn open,empty 
valve is dicht.[] 
 []


Overfull \hbox (393.0781pt too wide) in paragraph at lines 705--705
[]\OT1/cmtt/m/n/10.95 Schip is in waterlock, waterlevel is hoog, filling valve 
is dicht, lower gates gesloten, upper gates gesloten, empty valve is open.[] 
 []


Overfull \hbox (427.57022pt too wide) in paragraph at lines 706--706
[]\OT1/cmtt/m/n/10.95 Schip is dan laag, waterlevel gelijk aan laag, filling va
lve is dicht, lowergates zijn open, uppergates zijn dicht, empty valve is dicht
.[] 
 []


Overfull \hbox (485.0571pt too wide) in paragraph at lines 710--710
[]\OT1/cmtt/m/n/10.95 Als schip beneden is dan is waterlevel gelijk aan laag, f
illing valve is dicht, lower gates zijn open, upper gates zijn dicht, empty val
ve is open.[] 
 []

[21]
Overfull \hbox (462.06235pt too wide) in paragraph at lines 711--711
[]\OT1/cmtt/m/n/10.95 Schip is in water lock, waterlevel is laag, flilling valv
e is open, lower gates zijn gesloten, upper gates zij gesloten, empty valve is 
dicht,.[] 
 []


Overfull \hbox (450.56497pt too wide) in paragraph at lines 712--712
[]\OT1/cmtt/m/n/10.95 Schip is dan hoog, waterlevel is gelijk aan hoog, filling
 valve is dicht, uppergates zijn open, lowergates zijn dicht, filling valve is 
dicht[] 
 []


Overfull \hbox (32.29314pt too wide) in paragraph at lines 754--758
\OML/cmm/m/it/10.95 S\OT1/cmr/m/n/10.95 0 \OMS/cmsy/m/n/10.95 ^^R \OML/cmm/m/it
/10.95 SxSiseentransitierelatiedietotaalmoetzij; datbetekent; datvoorelkestates
 \OMS/cmsy/m/n/10.95 2
 []

[22] [23]
Chapter 4.
[24

]
Chapter 5.
[25

]
Chapter 6.
[26

] [27

]
Overfull \hbox (12.45256pt too wide) in paragraph at lines 816--819
\OT1/cmr/m/n/10.95 geven over de kwaliteit van het on-der-wijs, in het bi-j-zon
-der van de kwaliteitsindi-
 []

[28] [29]
Chapter 7.
[30

] (eindverslag.aux)

LaTeX Warning: There were undefined references.

 ) 
Here is how much of TeX's memory you used:
 7937 strings out of 478582
 133076 string characters out of 2844344
 486580 words of memory out of 3000000
 25982 multiletter control sequences out of 15000+600000
 480588 words of font info for 71 fonts, out of 8000000 for 9000
 1141 hyphenation exceptions out of 8191
 91i,13n,91p,1122b,275s stack positions out of 10000i,1000n,20000p,200000b,80000s
<C:/Users/gally/AppData/Local/Programs/MiKTeX/fonts/type1/public/amsfonts/cm/
cmbx10.pfb><C:/Users/gally/AppData/Local/Programs/MiKTeX/fonts/type1/public/ams
fonts/cm/cmbx12.pfb><C:/Users/gally/AppData/Local/Programs/MiKTeX/fonts/type1/p
ublic/amsfonts/cm/cmex10.pfb><C:/Users/gally/AppData/Local/Programs/MiKTeX/font
s/type1/public/amsfonts/cm/cmmi10.pfb><C:/Users/gally/AppData/Local/Programs/Mi
KTeX/fonts/type1/public/amsfonts/cm/cmr10.pfb><C:/Users/gally/AppData/Local/Pro
grams/MiKTeX/fonts/type1/public/amsfonts/cm/cmr12.pfb><C:/Users/gally/AppData/L
ocal/Programs/MiKTeX/fonts/type1/public/amsfonts/cm/cmr17.pfb><C:/Users/gally/A
ppData/Local/Programs/MiKTeX/fonts/type1/public/amsfonts/cm/cmr9.pfb><C:/Users/
gally/AppData/Local/Programs/MiKTeX/fonts/type1/public/amsfonts/cm/cmsy10.pfb><
C:/Users/gally/AppData/Local/Programs/MiKTeX/fonts/type1/public/amsfonts/cm/cms
y8.pfb><C:/Users/gally/AppData/Local/Programs/MiKTeX/fonts/type1/public/amsfont
s/cm/cmtt10.pfb><C:/Users/gally/AppData/Local/Programs/MiKTeX/fonts/type1/publi
c/amsfonts/symbols/msam10.pfb><C:/Users/gally/AppData/Local/Programs/MiKTeX/fon
ts/type1/public/amsfonts/symbols/msbm10.pfb>
Output written on eindverslag.pdf (31 pages, 296515 bytes).
PDF statistics:
 171 PDF objects out of 1000 (max. 8388607)
 0 named destinations out of 1000 (max. 500000)
 11 words of extra memory for PDF output out of 10000 (max. 10000000)

