\BOOKMARK [1][-]{section.1}{\376\377\000S\000a\000m\000e\000n\000v\000a\000t\000t\000i\000n\000g}{}% 1
\BOOKMARK [1][-]{section.2}{\376\377\000I\000n\000t\000r\000o\000d\000u\000c\000i\000e}{}% 2
\BOOKMARK [2][-]{subsection.2.1}{\376\377\000I\000n\000l\000e\000i\000d\000i\000n\000g}{section.2}% 3
\BOOKMARK [2][-]{subsection.2.2}{\376\377\000A\000c\000h\000t\000e\000r\000g\000r\000o\000n\000d}{section.2}% 4
\BOOKMARK [2][-]{subsection.2.3}{\376\377\000P\000r\000o\000b\000l\000e\000e\000m\000a\000n\000a\000l\000y\000s\000e}{section.2}% 5
\BOOKMARK [2][-]{subsection.2.4}{\376\377\000G\000e\000w\000e\000n\000s\000t\000e\000\040\000r\000e\000s\000u\000l\000t\000a\000a\000t}{section.2}% 6
\BOOKMARK [2][-]{subsection.2.5}{\376\377\000S\000c\000o\000p\000e}{section.2}% 7
\BOOKMARK [2][-]{subsection.2.6}{\376\377\000D\000e\000l\000i\000v\000e\000r\000a\000b\000l\000e\000s}{section.2}% 8
\BOOKMARK [2][-]{subsection.2.7}{\376\377\000r\000e\000s\000e\000a\000r\000c\000h\000\040\000d\000e\000s\000i\000g\000n}{section.2}% 9
\BOOKMARK [2][-]{subsection.2.8}{\376\377\000O\000n\000d\000e\000r\000z\000o\000e\000k\000s\000v\000r\000a\000g\000e\000n}{section.2}% 10
\BOOKMARK [2][-]{subsection.2.9}{\376\377\000L\000e\000e\000s\000w\000i\000j\000z\000e\000r}{section.2}% 11
\BOOKMARK [1][-]{section.3}{\376\377\000M\000e\000t\000h\000o\000d\000e}{}% 12
\BOOKMARK [2][-]{subsection.3.1}{\376\377\000i\000n\000l\000e\000i\000d\000i\000n\000g}{section.3}% 13
\BOOKMARK [2][-]{subsection.3.2}{\376\377\000O\000v\000e\000r\000z\000i\000c\000h\000t\000\040\000v\000a\000n\000\040\000m\000e\000t\000h\000o\000d\000e\000n}{section.3}% 14
\BOOKMARK [3][-]{subsubsection.3.2.1}{\376\377\000L\000i\000t\000r\000a\000t\000u\000u\000r\000o\000n\000d\000e\000r\000z\000o\000e\000k}{subsection.3.2}% 15
\BOOKMARK [3][-]{subsubsection.3.2.2}{\376\377\000D\000e\000s\000k\000r\000e\000s\000e\000a\000r\000c\000h}{subsection.3.2}% 16
\BOOKMARK [3][-]{subsubsection.3.2.3}{\376\377\000R\000e\000q\000u\000i\000r\000e\000m\000e\000n\000t\000s\000e\000n\000g\000i\000n\000e\000e\000r\000i\000n\000g}{subsection.3.2}% 17
\BOOKMARK [3][-]{subsubsection.3.2.4}{\376\377\000M\000o\000d\000e\000l\000l\000e\000r\000e\000n}{subsection.3.2}% 18
\BOOKMARK [3][-]{subsubsection.3.2.5}{\376\377\000T\000e\000s\000t\000e\000n}{subsection.3.2}% 19
\BOOKMARK [1][-]{section.4}{\376\377\000R\000e\000q\000u\000i\000r\000e\000m\000e\000n\000t\000s\000e\000n\000g\000i\000n\000e\000e\000r\000i\000n\000g}{}% 20
\BOOKMARK [2][-]{subsection.4.1}{\376\377\000R\000a\000m\000p\000e\000n}{section.4}% 21
\BOOKMARK [3][-]{subsubsection.4.1.1}{\376\377\000M\000a\000l\000i}{subsection.4.1}% 22
\BOOKMARK [3][-]{subsubsection.4.1.2}{\376\377\000t\000e\000s\000l\000a\000\040\000c\000r\000a\000s\000h\000\040\000r\000e\000p\000o\000r\000t}{subsection.4.1}% 23
\BOOKMARK [3][-]{subsubsection.4.1.3}{\376\377\000e\000t\000h\000i\000e\000k}{subsection.4.1}% 24
\BOOKMARK [3][-]{subsubsection.4.1.4}{\376\377\000\040\000c\000y\000b\000e\000r\000\040\000a\000a\000n\000v\000a\000l\000\040\000o\000p\000\040\000O\000e\000k\000r\000a\000\357\000e\000n\000e\000\040}{subsection.4.1}% 25
\BOOKMARK [3][-]{subsubsection.4.1.5}{\376\377\000s\000c\000h\000i\000p\000h\000o\000l\000b\000r\000a\000n\000d}{subsection.4.1}% 26
\BOOKMARK [3][-]{subsubsection.4.1.6}{\376\377\000t\000h\000e\000r\000a\000c\000-\0002\0005}{subsection.4.1}% 27
\BOOKMARK [3][-]{subsubsection.4.1.7}{\376\377\000R\000a\000m\000p\000\040\000s\000c\000h\000i\000e\000t\000p\000a\000r\000t\000i\000j\000\040\000m\000i\000l\000i\000t\000a\000i\000r\000\040\000o\000s\000s\000e\000n\000d\000r\000e\000c\000h\000t\000\040}{subsection.4.1}% 28
\BOOKMARK [3][-]{subsubsection.4.1.8}{\376\377\000m\000o\000l\000u\000k\000s\000e\000\040\000t\000r\000e\000i\000n\000k\000a\000p\000i\000n\000g\000\040}{subsection.4.1}% 29
\BOOKMARK [3][-]{subsubsection.4.1.9}{\376\377\000v\000u\000u\000r\000w\000e\000r\000k\000r\000a\000m\000p\000\040\000i\000n\000\040\000e\000n\000s\000c\000h\000e\000d\000e\000\040}{subsection.4.1}% 30
\BOOKMARK [3][-]{subsubsection.4.1.10}{\376\377\000e\000x\000p\000l\000o\000s\000i\000e\000\040\000i\000n\000\040\000l\000i\000b\000a\000b\000o\000n\000,\000\040\000b\000e\000i\000r\000u\000t\000\040}{subsection.4.1}% 31
\BOOKMARK [3][-]{subsubsection.4.1.11}{\376\377\000e\000x\000p\000l\000o\000s\000i\000e\000\040\000t\000a\000n\000j\000i\000n\000\040\000c\000h\000i\000n\000a\000\040}{subsection.4.1}% 32
\BOOKMARK [3][-]{subsubsection.4.1.12}{\376\377\000b\000i\000j\000l\000m\000e\000r\000r\000a\000m\000p}{subsection.4.1}% 33
\BOOKMARK [3][-]{subsubsection.4.1.13}{\376\377\000s\000l\000m\000r\000a\000m\000p}{subsection.4.1}% 34
\BOOKMARK [3][-]{subsubsection.4.1.14}{\376\377\000e\000t\000h\000i\000o\000p\000i\000a\000n\000\040\000a\000i\000r\000l\000i\000n\000e\000s}{subsection.4.1}% 35
\BOOKMARK [3][-]{subsubsection.4.1.15}{\376\377\000s\000t\000i\000n\000t\000\040\000o\000n\000g\000e\000l\000u\000k}{subsection.4.1}% 36
\BOOKMARK [3][-]{subsubsection.4.1.16}{\376\377\000t\000j\000e\000r\000n\000o\000b\000y\000l}{subsection.4.1}% 37
\BOOKMARK [3][-]{subsubsection.4.1.17}{\376\377\000e\000c\000o\000u\000n\000r\000t\000\040\000i\000n\000\040\000d\000e\000\040\000n\000e\000r\000d\000e\000r\000l\000a\000n\000d\000s\000e\000\040\000r\000e\000c\000h\000d\000s\000p\000r\000a\000a\000k}{subsection.4.1}% 38
\BOOKMARK [3][-]{subsubsection.4.1.18}{\376\377\000r\000a\000m\000p\000\040\000t\000u\000r\000k\000i\000s\000c\000h\000\040\000a\000i\000r\000l\000i\000n\000e\000s}{subsection.4.1}% 39
\BOOKMARK [3][-]{subsubsection.4.1.19}{\376\377\000a\000u\000t\000o\000m\000a\000t\000i\000s\000e\000r\000i\000n\000g\000\040\000v\000a\000n\000\040\000w\000a\000t\000e\000r\000w\000e\000r\000k\000e\000n}{subsection.4.1}% 40
\BOOKMARK [3][-]{subsubsection.4.1.20}{\376\377\000A\000r\000t\000i\000f\000i\000c\000i\000a\000l\000\040\000i\000n\000t\000e\000l\000l\000i\000g\000e\000n\000c\000e\000\040\000e\000n\000\040\000w\000a\000t\000e\000r\000\040\000l\000o\000c\000k\000s}{subsection.4.1}% 41
\BOOKMARK [2][-]{subsection.4.2}{\376\377\000e\000t\000h\000i\000e\000k}{section.4}% 42
\BOOKMARK [3][-]{subsubsection.4.2.1}{\376\377\000m\000o\000d\000e\000\040\000c\000o\000n\000f\000u\000s\000i\000o\000n\000\040}{subsection.4.2}% 43
\BOOKMARK [2][-]{subsection.4.3}{\376\377\000E\000e\000n\000\040\000g\000o\000e\000d\000\040\000m\000o\000d\000e\000l}{section.4}% 44
\BOOKMARK [2][-]{subsection.4.4}{\376\377\000R\000e\000q\000u\000i\000r\000e\000m\000e\000n\000t\000s}{section.4}% 45
\BOOKMARK [2][-]{subsection.4.5}{\376\377\000s\000p\000e\000c\000i\000f\000i\000c\000a\000t\000i\000e\000s}{section.4}% 46
\BOOKMARK [2][-]{subsection.4.6}{\376\377\000H\000e\000t\000\040\000v\000i\000e\000r\000\040\000v\000a\000r\000i\000a\000b\000e\000l\000e\000n\000\040\000m\000o\000d\000e\000l}{section.4}% 47
\BOOKMARK [3][-]{subsubsection.4.6.1}{\376\377\000M\000o\000n\000i\000t\000o\000r\000e\000d\000\040\000v\000a\000r\000i\000a\000b\000e\000l\000e\000n}{subsection.4.6}% 48
\BOOKMARK [3][-]{subsubsection.4.6.2}{\376\377\000C\000o\000n\000t\000r\000o\000l\000l\000e\000d\000\040\000v\000a\000r\000i\000a\000b\000e\000l\000e\000n}{subsection.4.6}% 49
\BOOKMARK [3][-]{subsubsection.4.6.3}{\376\377\000I\000n\000p\000u\000t\000\040\000v\000a\000r\000i\000a\000b\000e\000l\000e\000n}{subsection.4.6}% 50
\BOOKMARK [3][-]{subsubsection.4.6.4}{\376\377\000O\000u\000t\000p\000u\000t\000\040\000v\000a\000r\000i\000a\000b\000e\000l\000e\000n}{subsection.4.6}% 51
\BOOKMARK [2][-]{subsection.4.7}{\376\377\000S\000p\000e\000c\000i\000f\000i\000c\000a\000t\000i\000e\000s}{section.4}% 52
\BOOKMARK [1][-]{section.5}{\376\377\000M\000o\000d\000e\000l}{}% 53
\BOOKMARK [2][-]{subsection.5.1}{\376\377\000s\000c\000e\000n\000a\000r\000i\000o\000\040\000e\000n\000\040\000u\000s\000e\000\040\000c\000a\000s\000e}{section.5}% 54
\BOOKMARK [2][-]{subsection.5.2}{\376\377\000D\000e\000\040\000K\000r\000i\000p\000k\000e\000\040\000s\000t\000r\000u\000c\000t\000u\000u\000r}{section.5}% 55
\BOOKMARK [2][-]{subsection.5.3}{\376\377\000t\000i\000t\000l\000e}{section.5}% 56
\BOOKMARK [2][-]{subsection.5.4}{\376\377\000S\000o\000o\000r\000t\000e\000n\000\040\000m\000o\000d\000e\000l\000l\000e\000n}{section.5}% 57
\BOOKMARK [2][-]{subsection.5.5}{\376\377\000T\000i\000j\000d}{section.5}% 58
\BOOKMARK [2][-]{subsection.5.6}{\376\377\000G\000u\000a\000r\000d\000s\000\040\000e\000n\000\040\000i\000n\000v\000a\000r\000i\000a\000n\000t\000e\000n}{section.5}% 59
\BOOKMARK [2][-]{subsection.5.7}{\376\377\000D\000e\000a\000d\000l\000o\000c\000k}{section.5}% 60
\BOOKMARK [2][-]{subsection.5.8}{\376\377\000Z\000e\000n\000o\000\040\000g\000e\000d\000r\000a\000g}{section.5}% 61
\BOOKMARK [1][-]{section.6}{\376\377\000L\000o\000g\000i\000c\000a}{}% 62
\BOOKMARK [2][-]{subsubsection.6.0.1}{\376\377\000U\000p\000p\000a\000a\000l\000\040\000s\000y\000n\000c\000r\000h\000o\000n\000i\000s\000a\000t\000i\000e}{section.6}% 63
\BOOKMARK [1][-]{subsubsection.6.0.1}{\376\377\000W\000e\000r\000k\000e\000n\000\040\000m\000e\000t\000\040\000U\000p\000p\000a\000a\000l}{}% 64
\BOOKMARK [1][-]{figure.caption.13}{\376\377\000B\000i\000j\000z\000o\000n\000d\000e\000r\000e\000\040\000t\000e\000k\000e\000n\000s\000\040\000e\000n\000\040\000a\000f\000b\000r\000e\000e\000k\000p\000r\000o\000b\000l\000e\000m\000e\000n}{}% 65
\BOOKMARK [1][-]{figure.caption.13}{\376\377\000A\000l\000g\000o\000r\000i\000t\000m\000e\000n\000\040\000e\000n\000\040\000b\000r\000o\000n\000c\000o\000d\000e\000w\000i\000k\000i\000b\000o\000o\000k\000s}{}% 66
\BOOKMARK [2][-]{subsection.6.1}{\376\377\000C\000o\000n\000c\000l\000u\000s\000i\000e}{figure.caption.13}% 67
\BOOKMARK [1][-]{table.caption.15}{\376\377\000B\000i\000j\000z\000o\000n\000d\000e\000r\000e\000\040\000t\000e\000k\000e\000n\000s\000\040\000e\000n\000\040\000a\000f\000b\000r\000e\000e\000k\000p\000r\000o\000b\000l\000e\000m\000e\000n}{}% 68
\BOOKMARK [1][-]{table.caption.15}{\376\377\000A\000l\000g\000o\000r\000i\000t\000m\000e\000n\000\040\000e\000n\000\040\000b\000r\000o\000n\000c\000o\000d\000e\000w\000i\000k\000i\000b\000o\000o\000k\000s}{}% 69
\BOOKMARK [2][-]{subsection.6.2}{\376\377\000C\000o\000n\000c\000l\000u\000s\000i\000e}{table.caption.15}% 70
\BOOKMARK [1][-]{section.7}{\376\377\000t\000e\000s\000t\000r\000e\000s\000u\000l\000t\000a\000t\000e\000n}{}% 71
\BOOKMARK [2][-]{subsection.7.1}{\376\377\000T\000e\000s\000t\000c\000a\000s\000e\000s}{section.7}% 72
\BOOKMARK [2][-]{subsection.7.2}{\376\377\000R\000e\000p\000a\000r\000a\000t\000i\000e\000s}{section.7}% 73
\BOOKMARK [2][-]{subsection.7.3}{\376\377\000R\000e\000s\000u\000l\000a\000a\000t\000\040\000a\000n\000n\000a\000l\000y\000s\000e}{section.7}% 74
\BOOKMARK [2][-]{subsection.7.4}{\376\377\000R\000e\000p\000a\000r\000a\000t\000i\000e\000s}{section.7}% 75
\BOOKMARK [2][-]{subsection.7.5}{\376\377\000R\000e\000s\000u\000l\000a\000a\000t\000\040\000a\000n\000n\000a\000l\000y\000s\000e}{section.7}% 76
\BOOKMARK [1][-]{section.8}{\376\377\000t\000e\000s\000t\000r\000e\000s\000u\000l\000t\000a\000t\000e\000n}{}% 77
\BOOKMARK [2][-]{subsection.8.1}{\376\377\000T\000e\000s\000t\000c\000a\000s\000e\000s}{section.8}% 78
\BOOKMARK [3][-]{subsubsection.8.1.1}{\376\377\000E\000e\000n\000\040\000s\000c\000h\000i\000p\000\040\000k\000o\000m\000t\000\040\000a\000a\000n\000v\000a\000r\000e\000n}{subsection.8.1}% 79
\BOOKMARK [3][-]{subsubsection.8.1.2}{\376\377\000E\000e\000n\000\040\000s\000c\000h\000i\000p\000\040\000m\000o\000e\000t\000\040\000w\000a\000c\000h\000t\000e\000n}{subsection.8.1}% 80
\BOOKMARK [3][-]{subsubsection.8.1.3}{\376\377\000E\000e\000n\000\040\000s\000c\000h\000i\000p\000\040\000k\000o\000m\000t\000\040\000v\000a\000n\000\040\000b\000o\000v\000e\000n\000\040\000n\000a\000a\000r\000\040\000b\000e\000n\000e\000d\000e\000n}{subsection.8.1}% 81
\BOOKMARK [3][-]{subsubsection.8.1.4}{\376\377\000D\000e\000\040\000s\000l\000u\000i\000s\000\040\000i\000s\000\040\000v\000o\000l\000:\000\040\000h\000o\000e\000\040\000l\000a\000n\000g\000\040\000m\000k\000o\000e\000t\000\040\000e\000e\000n\000\040\000s\000c\000h\000i\000p\000\040\000w\000a\000c\000h\000t\000e\000n}{subsection.8.1}% 82
\BOOKMARK [3][-]{subsubsection.8.1.5}{\376\377\000E\000e\000n\000\040\000s\000c\000h\000i\000p\000\040\000w\000i\000l\000\040\000i\000n\000\040\000d\000e\000\040\000s\000l\000u\000i\000s\000\040\000k\000o\000e\000r\000s\000\040\000w\000i\000j\000z\000i\000g\000e\000n}{subsection.8.1}% 83
\BOOKMARK [3][-]{subsubsection.8.1.6}{\376\377\000D\000e\000\040\000v\000o\000l\000g\000o\000r\000d\000e\000\040\000i\000n\000\040\000d\000e\000\040\000w\000a\000c\000h\000t\000r\000i\000j}{subsection.8.1}% 84
\BOOKMARK [3][-]{subsubsection.8.1.7}{\376\377\000A\000a\000n\000t\000a\000l\000\040\000s\000c\000h\000e\000p\000e\000n\000\040\000i\000n\000\040\000d\000e\000\040\000w\000a\000c\000h\000t\000r\000i\000j}{subsection.8.1}% 85
\BOOKMARK [3][-]{subsubsection.8.1.8}{\376\377\000M\000a\000x\000i\000m\000a\000l\000e\000\040\000d\000o\000o\000r\000l\000o\000o\000p\000t\000i\000j\000d\000\040}{subsection.8.1}% 86
\BOOKMARK [1][-]{section.9}{\376\377\000C\000o\000n\000c\000l\000u\000s\000i\000e}{}% 87
\BOOKMARK [1][-]{section.10}{\376\377\000D\000i\000s\000c\000u\000s\000s\000i\000e}{}% 88
\BOOKMARK [2][-]{subsection.10.1}{\376\377\000U\000i\000t\000d\000a\000g\000i\000n\000g\000e\000n}{section.10}% 89
\BOOKMARK [2][-]{subsection.10.2}{\376\377\000D\000a\000t\000a\000\040\000a\000v\000a\000i\000l\000a\000b\000i\000l\000i\000t\000y\000\040\000s\000t\000a\000b\000d\000a\000r\000d}{section.10}% 90
\BOOKMARK [2][-]{subsection.10.3}{\376\377\000R\000e\000c\000o\000m\000m\000e\000n\000d\000e\000d\000\040\000r\000e\000a\000d\000i\000n\000g\000s}{section.10}% 91
\BOOKMARK [2][-]{subsection.10.4}{\376\377\000R\000e\000f\000l\000e\000c\000t\000i\000e}{section.10}% 92
\BOOKMARK [1][-]{appendix.A}{\376\377\000B\000i\000j\000l\000a\000g\000e\000n\000o\000v\000e\000r\000z\000i\000c\000h\000t}{}% 93
\BOOKMARK [1][-]{appendix.B}{\376\377\000t\000e\000s\000l\000a\000\040\000c\000r\000a\000s\000h\000\040\000r\000e\000p\000o\000r\000t}{}% 94
\BOOKMARK [2][-]{subsection.B.1}{\376\377\000e\000t\000h\000i\000e\000k}{appendix.B}% 95
\BOOKMARK [3][-]{subsubsection.B.1.1}{\376\377\000M\000a\000l\000i}{subsection.B.1}% 96
\BOOKMARK [3][-]{subsubsection.B.1.2}{\376\377\000M\000a\000l\000i}{subsection.B.1}% 97
\BOOKMARK [3][-]{subsubsection.B.1.3}{\376\377\000\040\000c\000y\000b\000e\000r\000\040\000a\000a\000n\000v\000a\000l\000\040\000o\000p\000\040}{subsection.B.1}% 98
\BOOKMARK [3][-]{subsubsection.B.1.4}{\376\377\000s\000c\000h\000i\000p\000h\000o\000l\000b\000r\000a\000n\000d}{subsection.B.1}% 99
\BOOKMARK [3][-]{subsubsection.B.1.5}{\376\377\000t\000h\000e\000r\000a\000c\000-\0002\0005}{subsection.B.1}% 100
\BOOKMARK [3][-]{subsubsection.B.1.6}{\376\377\000R\000a\000m\000p\000\040\000s\000c\000h\000i\000e\000t\000p\000a\000r\000t\000i\000j\000\040\000m\000i\000l\000i\000t\000a\000i\000r\000\040\000o\000s\000s\000e\000n\000d\000r\000e\000c\000h\000t\000\040}{subsection.B.1}% 101
\BOOKMARK [3][-]{subsubsection.B.1.7}{\376\377\000m\000o\000l\000u\000k\000s\000e\000\040\000t\000r\000e\000i\000n\000k\000a\000p\000i\000n\000g\000\040}{subsection.B.1}% 102
\BOOKMARK [3][-]{subsubsection.B.1.8}{\376\377\000e\000x\000p\000l\000o\000s\000i\000e\000\040\000i\000n\000\040\000l\000i\000b\000a\000b\000o\000n\000,\000\040\000b\000e\000i\000r\000u\000t\000\040}{subsection.B.1}% 103
\BOOKMARK [3][-]{subsubsection.B.1.9}{\376\377\000e\000x\000p\000l\000o\000s\000i\000e\000\040\000t\000a\000n\000j\000i\000n\000\040\000c\000h\000i\000n\000a\000\040}{subsection.B.1}% 104
\BOOKMARK [3][-]{subsubsection.B.1.10}{\376\377\000b\000i\000j\000l\000m\000e\000r\000r\000a\000m\000p}{subsection.B.1}% 105
\BOOKMARK [3][-]{subsubsection.B.1.11}{\376\377\000s\000l\000m\000r\000a\000m\000p}{subsection.B.1}% 106
\BOOKMARK [3][-]{subsubsection.B.1.12}{\376\377\000v\000u\000u\000r\000w\000e\000r\000k\000r\000a\000m\000p\000\040\000i\000n\000\040\000e\000n\000s\000c\000h\000e\000d\000e\000\040}{subsection.B.1}% 107
\BOOKMARK [3][-]{subsubsection.B.1.13}{\376\377\000e\000t\000h\000i\000o\000p\000i\000a\000n\000\040\000a\000i\000r\000l\000i\000n\000e\000s}{subsection.B.1}% 108
\BOOKMARK [3][-]{subsubsection.B.1.14}{\376\377\000s\000t\000i\000n\000t\000\040\000o\000n\000g\000e\000l\000u\000k}{subsection.B.1}% 109
\BOOKMARK [3][-]{subsubsection.B.1.15}{\376\377\000t\000j\000e\000r\000n\000o\000b\000y\000l}{subsection.B.1}% 110
\BOOKMARK [1][-]{appendix.C}{\376\377\000e\000c\000o\000u\000r\000t\000\040\000i\000n\000\040\000n\000e\000d\000e\000r\000l\000a\000n\000d\000s\000e\000\040\000r\000e\000c\000h\000t\000s\000p\000r\000a\000a\000k}{}% 111
\BOOKMARK [2][-]{subsubsection.C.0.1}{\376\377\000r\000a\000m\000p\000\040\000t\000u\000r\000k\000i\000s\000c\000h\000\040\000a\000i\000r\000l\000i\000n\000e\000s}{appendix.C}% 112
\BOOKMARK [1][-]{appendix.D}{\376\377\000a\000u\000t\000o\000m\000a\000t\000i\000s\000e\000r\000i\000n\000g\000\040\000v\000a\000n\000\040\000w\000a\000t\000e\000r\000w\000e\000r\000k\000e\000n}{}% 113
\BOOKMARK [2][-]{subsection.D.1}{\376\377\000w\000a\000t\000e\000r\000w\000e\000r\000k\000e\000n}{appendix.D}% 114
\BOOKMARK [3][-]{subsubsection.D.1.1}{\376\377\000Z\000o\000e\000k\000r\000e\000s\000u\000l\000t\000a\000t\000e\000n}{subsection.D.1}% 115
\BOOKMARK [3][-]{subsubsection.D.1.2}{\376\377\000A\000r\000t\000i\000f\000i\000c\000i\000a\000l\000\040\000i\000n\000t\000e\000l\000l\000i\000g\000e\000n\000c\000e\000\040\000e\000n\000\040\000w\000a\000t\000e\000r\000\040\000l\000o\000c\000k\000s}{subsection.D.1}% 116
