This is pdfTeX, Version 3.141592653-2.6-1.40.24 (MiKTeX 22.3) (preloaded format=pdflatex 2022.4.20)  1 JUL 2022 16:35
entering extended mode
 restricted \write18 enabled.
 %&-line parsing enabled.
**./article24.tex
(article24.tex
LaTeX2e <2021-11-15> patch level 1
L3 programming layer <2022-02-24>
(C:\Users\gally\AppData\Local\Programs\MiKTeX\tex/latex/revtex\revtex4-2.cls
Document Class: revtex4-2 2020/10/03 4.2e (https://journals.aps.org/revtex/ for
 documentation)
 Copyright (c) 2019 American Physical Society.
 mailto:revtex@aps.org
 Licensed under the LPPL:
http://www.ctan.org/tex-archive/macros/latex/base/lppl.txt
 Arthur Ogawa <arthur_ogawa at sbcglobal dot net>
 Based on work by David Carlisle <david at dcarlisle.demon.co.uk>
 Version (4.2d,4.2e): Modified by Mark Doyle and Phelype Oleinik
 .
ltxutil[2020/10/03 4.2e utilities package (portions licensed from W. E. Baxter 
web at superscript.com)]
LaTeX Info: Redefining \@centercr on input line 356.
Class revtex4-2 Info: Repairing hyperref-unfriendly LaTeX definition of \mpfoot
note on input line 481.
Class revtex4-2 Info: Repairing broken LateX \@sect on input line 803.
\intertabularlinepenalty=\count185
\@tbpen=\count186
\@arstrutbox@hline=\box50
Class revtex4-2 Info: Repairing broken LaTeX \@xbitor on input line 1834.
Class revtex4-2 Info: Making \typeout \long on input line 2099.
ltxfront[2020/10/03 4.2e frontmatter package (AO,DPC,MD)]
\c@affil=\count187
\c@collab=\count188
\absbox=\box51
ltxgrid[2020/10/03 4.2e page grid package (portions licensed from W. E. Baxter 
web at superscript.com)]
\c@linecount=\count189
\output@latex=\toks16
\box@size@1=\box52
\box@size@2=\box53
\@protection@box=\box54
\@topmark@saved=\toks17
\footins@saved=\box55
\footins@recovered=\box56
\column@recovered=\box57
\pagesofar=\box58
\footsofar=\box59
\pagegrid@col=\count190
Class revtex4-2 Info: Overriding \@vspace, \@vspacer, \@no@pgbk, \@newline, and
 \\  on input line 5665.
\c@part=\count191
\c@section=\count192
\c@subsection=\count193
\c@subsubsection=\count194
\c@paragraph=\count195
\c@subparagraph=\count196
\abovecaptionskip=\skip47
\belowcaptionskip=\skip48
\c@figure=\count197
\fbox@1=\box60
\c@table=\count198
\fbox@2=\box61
\c@video=\count199
\fbox@4=\box62
\@bibdataout=\write3
\widetext@top=\box63
\widetext@bot=\box64
Class revtex4-2 Info: Selecting society aps on input line 7658.
(C:\Users\gally\AppData\Local\Programs\MiKTeX\tex/latex/revtex\aps4-2.rtx
File: aps4-2 2020/10/03 4.2e (https://journals.aps.org/revtex/ for documentatio
n)
Class revtex4-2 Info: RevTeX society APS selected on input line 40.
)

Class revtex4-2 Warning: No journal specified, using default pra.

Class revtex4-2 Info: APS journal PRA selected on input line 7661.
(C:\Users\gally\AppData\Local\Programs\MiKTeX\tex/latex/revtex\aps10pt4-2.rtx
File: aps10pt4-2 2020/10/03 4.2e (https://journals.aps.org/revtex/ for document
ation)
Class revtex4-2 Info: RevTeX pointsize 10pt selected on input line 39.
)
(C:\Users\gally\AppData\Local\Programs\MiKTeX\tex/latex/textcase\textcase.sty
Package: textcase 2019/09/14 v1.00 Text only upper/lower case changing (DPC)
)
(C:\Users\gally\AppData\Local\Programs\MiKTeX\tex/latex/amsfonts\amssymb.sty
Package: amssymb 2013/01/14 v3.01 AMS font symbols

(C:\Users\gally\AppData\Local\Programs\MiKTeX\tex/latex/amsfonts\amsfonts.sty
Package: amsfonts 2013/01/14 v3.01 Basic AMSFonts support
\@emptytoks=\toks18
\symAMSa=\mathgroup4
\symAMSb=\mathgroup5
LaTeX Font Info:    Redeclaring math symbol \hbar on input line 98.
LaTeX Font Info:    Overwriting math alphabet `\mathfrak' in version `bold'
(Font)                  U/euf/m/n --> U/euf/b/n on input line 106.
)) (C:\Users\gally\AppData\Local\Programs\MiKTeX\tex/latex/amsmath\amsmath.sty
Package: amsmath 2021/10/15 v2.17l AMS math features
\@mathmargin=\skip49

For additional information on amsmath, use the `?' option.
(C:\Users\gally\AppData\Local\Programs\MiKTeX\tex/latex/amsmath\amstext.sty
Package: amstext 2021/08/26 v2.01 AMS text

(C:\Users\gally\AppData\Local\Programs\MiKTeX\tex/latex/amsmath\amsgen.sty
File: amsgen.sty 1999/11/30 v2.0 generic functions
\@emptytoks=\toks19
\ex@=\dimen138
)
LaTeX Info: Redefining \text on input line 28.
)
(C:\Users\gally\AppData\Local\Programs\MiKTeX\tex/latex/amsmath\amsbsy.sty
Package: amsbsy 1999/11/29 v1.2d Bold Symbols
\pmbraise@=\dimen139
)
(C:\Users\gally\AppData\Local\Programs\MiKTeX\tex/latex/amsmath\amsopn.sty
Package: amsopn 2021/08/26 v2.02 operator names
)
\inf@bad=\count266
LaTeX Info: Redefining \frac on input line 234.
\uproot@=\count267
\leftroot@=\count268
LaTeX Info: Redefining \overline on input line 399.
\classnum@=\count269
\DOTSCASE@=\count270
LaTeX Info: Redefining \ldots on input line 496.
LaTeX Info: Redefining \dots on input line 499.
LaTeX Info: Redefining \cdots on input line 620.
\Mathstrutbox@=\box65
\strutbox@=\box66
\big@size=\dimen140
LaTeX Font Info:    Redeclaring font encoding OML on input line 743.
LaTeX Font Info:    Redeclaring font encoding OMS on input line 744.
\macc@depth=\count271
\c@MaxMatrixCols=\count272
\dotsspace@=\muskip16
\c@parentequation=\count273
\dspbrk@lvl=\count274
\tag@help=\toks20
\row@=\count275
\column@=\count276
\maxfields@=\count277
\andhelp@=\toks21
\eqnshift@=\dimen141
\alignsep@=\dimen142
\tagshift@=\dimen143
\tagwidth@=\dimen144
\totwidth@=\dimen145
\lineht@=\dimen146
\@envbody=\toks22
\multlinegap=\skip50
\multlinetaggap=\skip51
\mathdisplay@stack=\toks23
LaTeX Info: Redefining \[ on input line 2938.
LaTeX Info: Redefining \] on input line 2939.
)
(C:\Users\gally\AppData\Local\Programs\MiKTeX\tex/latex/url\url.sty
\Urlmuskip=\muskip17
Package: url 2013/09/16  ver 3.4  Verb mode for urls, etc.
)
(C:\Users\gally\AppData\Local\Programs\MiKTeX\tex/latex/natbib\natbib.sty
Package: natbib 2010/09/13 8.31b (PWD, AO)
\bibhang=\skip52
\bibsep=\skip53
LaTeX Info: Redefining \cite on input line 694.
\c@NAT@ctr=\count278
)
Class revtex4-2 Info: Repairing natbib's \BibitemShut on input line 7665.

(C:\Users\gally\AppData\Local\Programs\MiKTeX\tex/latex/revtex\revsymb4-2.sty
Package: revsymb4-2 2020/10/03 4.2e (https://journals.aps.org/revtex/ for docum
entation)
LaTeX Info: Redefining \frak on input line 104.
LaTeX Info: Redefining \Bbb on input line 120.
LaTeX Info: Redefining \REV@mathfrak on input line 128.
)) (C:\Users\gally\AppData\Local\Programs\MiKTeX\tex/latex/graphics\graphicx.st
y
Package: graphicx 2021/09/16 v1.2d Enhanced LaTeX Graphics (DPC,SPQR)

(C:\Users\gally\AppData\Local\Programs\MiKTeX\tex/latex/graphics\keyval.sty
Package: keyval 2014/10/28 v1.15 key=value parser (DPC)
\KV@toks@=\toks24
)
(C:\Users\gally\AppData\Local\Programs\MiKTeX\tex/latex/graphics\graphics.sty
Package: graphics 2021/03/04 v1.4d Standard LaTeX Graphics (DPC,SPQR)

(C:\Users\gally\AppData\Local\Programs\MiKTeX\tex/latex/graphics\trig.sty
Package: trig 2021/08/11 v1.11 sin cos tan (DPC)
)
(C:\Users\gally\AppData\Local\Programs\MiKTeX\tex/latex/graphics-cfg\graphics.c
fg
File: graphics.cfg 2016/06/04 v1.11 sample graphics configuration
)
Package graphics Info: Driver file: pdftex.def on input line 107.

(C:\Users\gally\AppData\Local\Programs\MiKTeX\tex/latex/graphics-def\pdftex.def
File: pdftex.def 2020/10/05 v1.2a Graphics/color driver for pdftex
))
\Gin@req@height=\dimen147
\Gin@req@width=\dimen148
) (C:\Users\gally\AppData\Local\Programs\MiKTeX\tex/latex/tools\dcolumn.sty
Package: dcolumn 2014/10/28 v1.06 decimal alignment package (DPC)

(C:\Users\gally\AppData\Local\Programs\MiKTeX\tex/latex/tools\array.sty
Package: array 2021/10/04 v2.5f Tabular extension package (FMi)
\col@sep=\dimen149
\ar@mcellbox=\box67
\extrarowheight=\dimen150
\NC@list=\toks25
\extratabsurround=\skip54
\backup@length=\skip55
\ar@cellbox=\box68
))
(C:\Users\gally\AppData\Local\Programs\MiKTeX\tex/latex/tools\bm.sty
Package: bm 2021/04/25 v1.2e Bold Symbol Support (DPC/FMi)
\symboldoperators=\mathgroup6
\symboldletters=\mathgroup7
\symboldsymbols=\mathgroup8
Package bm Info: No bold for \OMX/cmex/m/n, using \pmb.
Package bm Info: No bold for \U/msa/m/n, using \pmb.
Package bm Info: No bold for \U/msb/m/n, using \pmb.
LaTeX Font Info:    Redeclaring math alphabet \mathbf on input line 149.
LaTeX Info: Redefining \bm on input line 218.
)
Class revtex4-2 Info: Unrecognized array package. Please update this document c
lass! (Proceeding with fingers crossed.) on input line 58.
Class revtex4-2 Info: cite was not loaded (OK!) on input line 58.
Class revtex4-2 Info: mcite was not loaded (OK!) on input line 58.
Class revtex4-2 Info: multicol was not loaded (OK!) on input line 58.

(C:\Users\gally\AppData\Local\Programs\MiKTeX\tex/latex/l3backend\l3backend-pdf
tex.def
File: l3backend-pdftex.def 2022-02-07 L3 backend support: PDF output (pdfTeX)
\l__color_backend_stack_int=\count279
\l__pdf_internal_box=\box69
) (article24.aux)
\openout1 = `article24.aux'.

LaTeX Font Info:    Checking defaults for OML/cmm/m/it on input line 58.
LaTeX Font Info:    ... okay on input line 58.
LaTeX Font Info:    Checking defaults for OMS/cmsy/m/n on input line 58.
LaTeX Font Info:    ... okay on input line 58.
LaTeX Font Info:    Checking defaults for OT1/cmr/m/n on input line 58.
LaTeX Font Info:    ... okay on input line 58.
LaTeX Font Info:    Checking defaults for T1/cmr/m/n on input line 58.
LaTeX Font Info:    ... okay on input line 58.
LaTeX Font Info:    Checking defaults for TS1/cmr/m/n on input line 58.
LaTeX Font Info:    ... okay on input line 58.
LaTeX Font Info:    Checking defaults for OMX/cmex/m/n on input line 58.
LaTeX Font Info:    ... okay on input line 58.
LaTeX Font Info:    Checking defaults for U/cmr/m/n on input line 58.
LaTeX Font Info:    ... okay on input line 58.

(C:\Users\gally\AppData\Local\Programs\MiKTeX\tex/context/base/mkii\supp-pdf.mk
ii
[Loading MPS to PDF converter (version 2006.09.02).]
\scratchcounter=\count280
\scratchdimen=\dimen151
\scratchbox=\box70
\nofMPsegments=\count281
\nofMParguments=\count282
\everyMPshowfont=\toks26
\MPscratchCnt=\count283
\MPscratchDim=\dimen152
\MPnumerator=\count284
\makeMPintoPDFobject=\count285
\everyMPtoPDFconversion=\toks27
)
(C:\Users\gally\AppData\Local\Programs\MiKTeX\tex/latex/epstopdf-pkg\epstopdf-b
ase.sty
Package: epstopdf-base 2020-01-24 v2.11 Base part for package epstopdf
Package epstopdf-base Info: Redefining graphics rule for `.eps' on input line 4
85.

(C:\Users\gally\AppData\Local\Programs\MiKTeX\tex/latex/00miktex\epstopdf-sys.c
fg
File: epstopdf-sys.cfg 2021/03/18 v2.0 Configuration of epstopdf for MiKTeX
))
\openout3 = `article24Notes.bib'.



Class revtex4-2 Warning: Assuming \noaffiliation for collaboration.

LaTeX Font Info:    Trying to load font information for U+msa on input line 110
.
(C:\Users\gally\AppData\Local\Programs\MiKTeX\tex/latex/amsfonts\umsa.fd
File: umsa.fd 2013/01/14 v3.01 AMS symbols A
)
LaTeX Font Info:    Trying to load font information for U+msb on input line 110
.

(C:\Users\gally\AppData\Local\Programs\MiKTeX\tex/latex/amsfonts\umsb.fd
File: umsb.fd 2013/01/14 v3.01 AMS symbols B
)
LaTeX Font Info:    Trying to load font information for OMS+cmr on input line 1
10.

(C:\Users\gally\AppData\Local\Programs\MiKTeX\tex/latex/base\omscmr.fd
File: omscmr.fd 2019/12/16 v2.5j Standard LaTeX font definitions
)
LaTeX Font Info:    Font shape `OMS/cmr/m/it' in size <9> not available
(Font)              Font shape `OMS/cmsy/m/n' tried instead on input line 110.
LaTeX Font Info:    Font shape `OMS/cmr/bx/n' in size <9> not available
(Font)              Font shape `OMS/cmsy/b/n' tried instead on input line 115.
LaTeX Font Info:    Font shape `OMS/cmr/m/n' in size <10> not available
(Font)              Font shape `OMS/cmsy/m/n' tried instead on input line 132.

[1{C:/Users/gally/AppData/Local/MiKTeX/fonts/map/pdftex/pdftex.map}]

Package natbib Warning: Citation `witten2001' on page 2 undefined on input line
 187.


Package natbib Warning: Citation `feyn54' on page 2 undefined on input line 187
.


Package natbib Warning: Citation `epr' on page 2 undefined on input line 196.


Package natbib Warning: Citation `epr' on page 2 undefined on input line 205.


Package natbib Warning: Citation `Beutler1994' on page 2 undefined on input lin
e 219.


Package natbib Warning: Citation `witten2001' on page 2 undefined on input line
 222.


Package natbib Warning: Citation `Bire82' on page 2 undefined on input line 222
.


Package natbib Warning: Citation `feyn54' on page 2 undefined on input line 227
.


Package natbib Warning: Citation `epr' on page 2 undefined on input line 227.


Package natbib Warning: Citation `witten2001' on page 2 undefined on input line
 227.


Package natbib Warning: Citation `Berman1983' on page 2 undefined on input line
 227.


Package natbib Warning: Citation `Davies1998' on page 2 undefined on input line
 227.


Package natbib Warning: Citation `Bire82' on page 2 undefined on input line 227
.


Package natbib Warning: Citation `epr' on page 2 undefined on input line 228.


Package natbib Warning: Citation `feyn54' on page 2 undefined on input line 228
.


Package natbib Warning: Citation `Bire82' on page 2 undefined on input line 228
.


Package natbib Warning: Citation `Berman1983' on page 2 undefined on input line
 228.


Package natbib Warning: Citation `witten2001' on page 2 undefined on input line
 228.


Package natbib Warning: Citation `Davies1998' on page 2 undefined on input line
 228.


Underfull \hbox (badness 1062) in paragraph at lines 252--263
\OT1/cmr/m/n/10 BibT[]X (one of these should be by arXiv con-ven-
 []


Underfull \hbox (badness 1215) in paragraph at lines 252--263
\OT1/cmr/m/n/10 If not us-ing BibT[]X, you will have to cre-ate the
 []

[2]

Package natbib Warning: Citation `Note1' on page 3 undefined on input line 272.


LaTeX Font Info:    Trying to load font information for U+euf on input line 286
.
(C:\Users\gally\AppData\Local\Programs\MiKTeX\tex/latex/amsfonts\ueuf.fd
File: ueuf.fd 2013/01/14 v3.01 Euler Fraktur
)
Underfull \hbox (badness 4819) in paragraph at lines 334--337
[]\OT1/cmr/m/n/10 Multiline equa-tions are ob-tained by us-ing the
 []


Underfull \hbox (badness 1152) in paragraph at lines 381--392
 \OT1/cmr/m/it/10 a. A few notes on \OT1/cmtt/m/it/10 tag\OT1/cmr/m/it/10 s[] [
][]\OT1/cmtt/m/n/10 \tag{#1} []\OT1/cmr/m/n/10 re-quires the
 []


Underfull \hbox (badness 10000) in paragraph at lines 393--402
[]\OT1/cmr/m/n/10 Enclosing dis-play math within
 []


Underfull \hbox (badness 10000) in paragraph at lines 393--402
[][]\OT1/cmtt/m/n/10 \begin{subequations} []\OT1/cmr/m/n/10 and [][]\OT1/cmtt/m
/n/10 \end{subequations}
 []


Underfull \hbox (badness 2626) in paragraph at lines 413--419
\OT1/cmr/m/n/10 Giving a [][]\OT1/cmtt/m/n/10 \label{#1} []\OT1/cmr/m/n/10 com-
mand di-rectly af-ter the
 []

[3]

! LaTeX Error: File `fig_1' not found.

See the LaTeX manual or LaTeX Companion for explanation.
Type  H <return>  for immediate help.
 ...                                              
                                                  
l.485 \includegraphics{fig_1}
                             % Here is how to import EPS art
I could not locate the file with any of these extensions:
.pdf,.png,.jpg,.mps,.jpeg,.jbig2,.jb2,.PDF,.PNG,.JPG,.JPEG,.JBIG2,.JB2,.eps
Try typing  <return>  to proceed.
If that doesn't work, type  X <return>  to quit.


! LaTeX Error: File `fig_2' not found.

See the LaTeX manual or LaTeX Companion for explanation.
Type  H <return>  for immediate help.
 ...                                              
                                                  
l.501 \includegraphics{fig_2}
                             % Here is how to import EPS art
I could not locate the file with any of these extensions:
.pdf,.png,.jpg,.mps,.jpeg,.jbig2,.jb2,.PDF,.PNG,.JPG,.JPEG,.JBIG2,.JB2,.eps
Try typing  <return>  to proceed.
If that doesn't work, type  X <return>  to quit.

LaTeX Font Info:    Font shape `OMS/cmr/m/n' in size <9> not available
(Font)              Font shape `OMS/cmsy/m/n' tried instead on input line 510.
[4]

Package natbib Warning: Citation `feyn54' on page 5 undefined on input line 620
.


! LaTeX Error: File `vid_1a' not found.

See the LaTeX manual or LaTeX Companion for explanation.
Type  H <return>  for immediate help.
 ...                                              
                                                  
l.660 ...0101_vid1a.mpg}{\includegraphics{vid_1a}}
                                                  %
I could not locate the file with any of these extensions:
.pdf,.png,.jpg,.mps,.jpeg,.jbig2,.jb2,.PDF,.PNG,.JPG,.JPEG,.JBIG2,.JB2,.eps
Try typing  <return>  to proceed.
If that doesn't work, type  X <return>  to quit.


! LaTeX Error: File `vid_1b' not found.

See the LaTeX manual or LaTeX Companion for explanation.
Type  H <return>  for immediate help.
 ...                                              
                                                  
l.662 ...0101_vid1b.mpg}{\includegraphics{vid_1b}}
                                                  
I could not locate the file with any of these extensions:
.pdf,.png,.jpg,.mps,.jpeg,.jbig2,.jb2,.PDF,.PNG,.JPG,.JPEG,.JBIG2,.JB2,.eps
Try typing  <return>  to proceed.
If that doesn't work, type  X <return>  to quit.


Underfull \hbox (badness 7595) in paragraph at lines 655--676
[]\OT1/cmr/m/n/10 Video 1[] il-lus-trates sev-eral fea-tures new with
 []

[5]
No file article24.bbl.

Package natbib Warning: There were undefined citations.

[6] (article24.aux) ) 
Here is how much of TeX's memory you used:
 5004 strings out of 478582
 72075 string characters out of 2844344
 395487 words of memory out of 3000000
 23112 multiletter control sequences out of 15000+600000
 486205 words of font info for 92 fonts, out of 8000000 for 9000
 1141 hyphenation exceptions out of 8191
 69i,16n,76p,569b,459s stack positions out of 10000i,1000n,20000p,200000b,80000s
<C:/Users/gally/AppData/Local/Programs/MiKTeX/fonts/type1/
public/amsfonts/cmextra/cmbsy9.pfb><C:/Users/gally/AppData/Local/Programs/MiKTe
X/fonts/type1/public/amsfonts/cm/cmbx10.pfb><C:/Users/gally/AppData/Local/Progr
ams/MiKTeX/fonts/type1/public/amsfonts/cm/cmbx12.pfb><C:/Users/gally/AppData/Lo
cal/Programs/MiKTeX/fonts/type1/public/amsfonts/cm/cmbx8.pfb><C:/Users/gally/Ap
pData/Local/Programs/MiKTeX/fonts/type1/public/amsfonts/cm/cmbx9.pfb><C:/Users/
gally/AppData/Local/Programs/MiKTeX/fonts/type1/public/amsfonts/cm/cmex10.pfb><
C:/Users/gally/AppData/Local/Programs/MiKTeX/fonts/type1/public/amsfonts/cm/cmi
tt10.pfb><C:/Users/gally/AppData/Local/Programs/MiKTeX/fonts/type1/public/amsfo
nts/cm/cmmi10.pfb><C:/Users/gally/AppData/Local/Programs/MiKTeX/fonts/type1/pub
lic/amsfonts/cm/cmmi6.pfb><C:/Users/gally/AppData/Local/Programs/MiKTeX/fonts/t
ype1/public/amsfonts/cm/cmmi7.pfb><C:/Users/gally/AppData/Local/Programs/MiKTeX
/fonts/type1/public/amsfonts/cm/cmmi8.pfb><C:/Users/gally/AppData/Local/Program
s/MiKTeX/fonts/type1/public/amsfonts/cm/cmmi9.pfb><C:/Users/gally/AppData/Local
/Programs/MiKTeX/fonts/type1/public/amsfonts/cm/cmmib10.pfb><C:/Users/gally/App
Data/Local/Programs/MiKTeX/fonts/type1/public/amsfonts/cm/cmr10.pfb><C:/Users/g
ally/AppData/Local/Programs/MiKTeX/fonts/type1/public/amsfonts/cm/cmr5.pfb><C:/
Users/gally/AppData/Local/Programs/MiKTeX/fonts/type1/public/amsfonts/cm/cmr6.p
fb><C:/Users/gally/AppData/Local/Programs/MiKTeX/fonts/type1/public/amsfonts/cm
/cmr7.pfb><C:/Users/gally/AppData/Local/Programs/MiKTeX/fonts/type1/public/amsf
onts/cm/cmr8.pfb><C:/Users/gally/AppData/Local/Programs/MiKTeX/fonts/type1/publ
ic/amsfonts/cm/cmr9.pfb><C:/Users/gally/AppData/Local/Programs/MiKTeX/fonts/typ
e1/public/amsfonts/cm/cmsy10.pfb><C:/Users/gally/AppData/Local/Programs/MiKTeX/
fonts/type1/public/amsfonts/cm/cmsy6.pfb><C:/Users/gally/AppData/Local/Programs
/MiKTeX/fonts/type1/public/amsfonts/cm/cmsy7.pfb><C:/Users/gally/AppData/Local/
Programs/MiKTeX/fonts/type1/public/amsfonts/cm/cmsy8.pfb><C:/Users/gally/AppDat
a/Local/Programs/MiKTeX/fonts/type1/public/amsfonts/cm/cmsy9.pfb><C:/Users/gall
y/AppData/Local/Programs/MiKTeX/fonts/type1/public/amsfonts/cm/cmti10.pfb><C:/U
sers/gally/AppData/Local/Programs/MiKTeX/fonts/type1/public/amsfonts/cm/cmti9.p
fb><C:/Users/gally/AppData/Local/Programs/MiKTeX/fonts/type1/public/amsfonts/cm
/cmtt10.pfb><C:/Users/gally/AppData/Local/Programs/MiKTeX/fonts/type1/public/am
sfonts/cm/cmtt9.pfb><C:/Users/gally/AppData/Local/Programs/MiKTeX/fonts/type1/p
ublic/amsfonts/euler/eufm10.pfb><C:/Users/gally/AppData/Local/Programs/MiKTeX/f
onts/type1/public/amsfonts/symbols/msam10.pfb><C:/Users/gally/AppData/Local/Pro
grams/MiKTeX/fonts/type1/public/amsfonts/symbols/msbm10.pfb>
Output written on article24.pdf (6 pages, 391093 bytes).
PDF statistics:
 176 PDF objects out of 1000 (max. 8388607)
 0 named destinations out of 1000 (max. 500000)
 1 words of extra memory for PDF output out of 10000 (max. 10000000)

