This is pdfTeX, Version 3.141592653-2.6-1.40.24 (MiKTeX 22.10) (preloaded format=pdflatex 2023.1.8)  19 MAY 2023 21:14
entering extended mode
 restricted \write18 enabled.
 %&-line parsing enabled.
**./thesis.tex
(thesis.tex
LaTeX2e <2022-06-01> patch level 5
L3 programming layer <2022-09-28>
(C:\Users\gally\AppData\Local\Programs\MiKTeX\tex/latex/base\article.cls
Document Class: article 2021/10/04 v1.4n Standard LaTeX document class
(C:\Users\gally\AppData\Local\Programs\MiKTeX\tex/latex/base\size10.clo
File: size10.clo 2021/10/04 v1.4n Standard LaTeX file (size option)
)
\c@part=\count185
\c@section=\count186
\c@subsection=\count187
\c@subsubsection=\count188
\c@paragraph=\count189
\c@subparagraph=\count190
\c@figure=\count191
\c@table=\count192
\abovecaptionskip=\skip47
\belowcaptionskip=\skip48
\bibindent=\dimen138
)
(C:\Users\gally\AppData\Local\Programs\MiKTeX\tex/latex/graphics\graphicx.sty
Package: graphicx 2021/09/16 v1.2d Enhanced LaTeX Graphics (DPC,SPQR)

(C:\Users\gally\AppData\Local\Programs\MiKTeX\tex/latex/graphics\keyval.sty
Package: keyval 2022/05/29 v1.15 key=value parser (DPC)
\KV@toks@=\toks16
)
(C:\Users\gally\AppData\Local\Programs\MiKTeX\tex/latex/graphics\graphics.sty
Package: graphics 2022/03/10 v1.4e Standard LaTeX Graphics (DPC,SPQR)

(C:\Users\gally\AppData\Local\Programs\MiKTeX\tex/latex/graphics\trig.sty
Package: trig 2021/08/11 v1.11 sin cos tan (DPC)
)
(C:\Users\gally\AppData\Local\Programs\MiKTeX\tex/latex/graphics-cfg\graphics.c
fg
File: graphics.cfg 2016/06/04 v1.11 sample graphics configuration
)
Package graphics Info: Driver file: pdftex.def on input line 107.

(C:\Users\gally\AppData\Local\Programs\MiKTeX\tex/latex/graphics-def\pdftex.def
File: pdftex.def 2022/09/22 v1.2b Graphics/color driver for pdftex
\stockwidth=\dimen139
\stockheight=\dimen140
))
\Gin@req@height=\dimen141
\Gin@req@width=\dimen142
) (C:\Users\gally\AppData\Local\Programs\MiKTeX\tex/generic/babel\babel.sty
Package: babel 2022/10/04 3.81 The Babel package
\babel@savecnt=\count193
\U@D=\dimen143
\l@unhyphenated=\language79

(C:\Users\gally\AppData\Local\Programs\MiKTeX\tex/generic/babel\txtbabel.def)
\bbl@readstream=\read2
\bbl@dirlevel=\count194

*************************************
* Local config file bblopts.cfg used
*
(C:\Users\gally\AppData\Local\Programs\MiKTeX\tex/latex/arabi\bblopts.cfg
File: bblopts.cfg 2005/09/08 v0.1 add Arabic and Farsi to "declared" options of
 babel
)
(C:\Users\gally\AppData\Local\Programs\MiKTeX\tex/latex/babel-dutch\dutch.ldf
Language: dutch 2021/08/29 v3.8l Dutch support from the babel system
Package babel Info: Making " an active character on input line 127.
))
(C:\Users\gally\AppData\Local\Programs\MiKTeX\tex/generic/babel/locale/nl\babel
-dutch.tex
Package babel Info: Importing font and identification data for dutch
(babel)             from babel-nl.ini. Reported on input line 11.
)
(C:\Users\gally\AppData\Local\Programs\MiKTeX\tex/latex/l3backend\l3backend-pdf
tex.def
File: l3backend-pdftex.def 2022-09-28 L3 backend support: PDF output (pdfTeX)
\l__color_backend_stack_int=\count195
\l__pdf_internal_box=\box51
) (thesis.aux)
\openout1 = `thesis.aux'.

LaTeX Font Info:    Checking defaults for OML/cmm/m/it on input line 4.
LaTeX Font Info:    ... okay on input line 4.
LaTeX Font Info:    Checking defaults for OMS/cmsy/m/n on input line 4.
LaTeX Font Info:    ... okay on input line 4.
LaTeX Font Info:    Checking defaults for OT1/cmr/m/n on input line 4.
LaTeX Font Info:    ... okay on input line 4.
LaTeX Font Info:    Checking defaults for T1/cmr/m/n on input line 4.
LaTeX Font Info:    ... okay on input line 4.
LaTeX Font Info:    Checking defaults for TS1/cmr/m/n on input line 4.
LaTeX Font Info:    ... okay on input line 4.
LaTeX Font Info:    Checking defaults for OMX/cmex/m/n on input line 4.
LaTeX Font Info:    ... okay on input line 4.
LaTeX Font Info:    Checking defaults for U/cmr/m/n on input line 4.
LaTeX Font Info:    ... okay on input line 4.

(C:\Users\gally\AppData\Local\Programs\MiKTeX\tex/context/base/mkii\supp-pdf.mk
ii
[Loading MPS to PDF converter (version 2006.09.02).]
\scratchcounter=\count196
\scratchdimen=\dimen144
\scratchbox=\box52
\nofMPsegments=\count197
\nofMParguments=\count198
\everyMPshowfont=\toks17
\MPscratchCnt=\count199
\MPscratchDim=\dimen145
\MPnumerator=\count266
\makeMPintoPDFobject=\count267
\everyMPtoPDFconversion=\toks18
)
(C:\Users\gally\AppData\Local\Programs\MiKTeX\tex/latex/epstopdf-pkg\epstopdf-b
ase.sty
Package: epstopdf-base 2020-01-24 v2.11 Base part for package epstopdf

(C:\Users\gally\AppData\Local\Programs\MiKTeX\tex/generic/infwarerr\infwarerr.s
ty
Package: infwarerr 2019/12/03 v1.5 Providing info/warning/error messages (HO)
) (C:\Users\gally\AppData\Local\Programs\MiKTeX\tex/latex/grfext\grfext.sty
Package: grfext 2019/12/03 v1.3 Manage graphics extensions (HO)

(C:\Users\gally\AppData\Local\Programs\MiKTeX\tex/generic/kvdefinekeys\kvdefine
keys.sty
Package: kvdefinekeys 2019-12-19 v1.6 Define keys (HO)
))
(C:\Users\gally\AppData\Local\Programs\MiKTeX\tex/latex/kvoptions\kvoptions.sty
Package: kvoptions 2022-06-15 v3.15 Key value format for package options (HO)
(C:\Users\gally\AppData\Local\Programs\MiKTeX\tex/generic/ltxcmds\ltxcmds.sty
Package: ltxcmds 2020-05-10 v1.25 LaTeX kernel commands for general use (HO)
)
(C:\Users\gally\AppData\Local\Programs\MiKTeX\tex/latex/kvsetkeys\kvsetkeys.sty
Package: kvsetkeys 2022-10-05 v1.19 Key value parser (HO)
))
(C:\Users\gally\AppData\Local\Programs\MiKTeX\tex/generic/pdftexcmds\pdftexcmds
.sty
Package: pdftexcmds 2020-06-27 v0.33 Utility functions of pdfTeX for LuaTeX (HO
)
 (C:\Users\gally\AppData\Local\Programs\MiKTeX\tex/generic/iftex\iftex.sty
Package: iftex 2022/02/03 v1.0f TeX engine tests
)
Package pdftexcmds Info: \pdf@primitive is available.
Package pdftexcmds Info: \pdf@ifprimitive is available.
Package pdftexcmds Info: \pdfdraftmode found.
)
Package epstopdf-base Info: Redefining graphics rule for `.eps' on input line 4
85.
Package grfext Info: Graphics extension search list:
(grfext)             [.pdf,.png,.jpg,.mps,.jpeg,.jbig2,.jb2,.PDF,.PNG,.JPG,.JPE
G,.JBIG2,.JB2,.eps]
(grfext)             \AppendGraphicsExtensions on input line 504.

(C:\Users\gally\AppData\Local\Programs\MiKTeX\tex/latex/00miktex\epstopdf-sys.c
fg
File: epstopdf-sys.cfg 2021/03/18 v2.0 Configuration of epstopdf for MiKTeX
))

LaTeX Warning: File `logohr.png' not found on input line 25.


! Package pdftex.def Error: File `logohr.png' not found: using draft setting.

See the pdftex.def package documentation for explanation.
Type  H <return>  for immediate help.
 ...                                              
                                                  
l.25 		\includegraphics[width=4cm]{logohr.png}
                                               % also works with logo.pdf
Try typing  <return>  to proceed.
If that doesn't work, type  X <return>  to quit.

[1

{C:/Users/gally/AppData/Local/MiKTeX/fonts/map/pdftex/pdftex.map}]
(thesis.toc
LaTeX Font Info:    External font `cmex10' loaded for size
(Font)              <7> on input line 4.
LaTeX Font Info:    External font `cmex10' loaded for size
(Font)              <5> on input line 4.
 [1])
\tf@toc=\write3
\openout3 = `thesis.toc'.

 [2]
Underfull \hbox (badness 10000) in paragraph at lines 39--51

 []


Underfull \hbox (badness 10000) in paragraph at lines 39--51

 []


Underfull \hbox (badness 10000) in paragraph at lines 39--51

 []


Underfull \hbox (badness 10000) in paragraph at lines 39--51

 []

[3]
Underfull \hbox (badness 10000) in paragraph at lines 65--66

 []

[4] [5]
! Missing $ inserted.
<inserted text> 
                $
l.136 	https://na.eventscloud.com/file_
                                       uploads/aed4bc20e84d2839b83c18bcba7e2...
I've inserted a begin-math/end-math symbol since I think
you left one out. Proceed, with fingers crossed.

! Missing $ inserted.
<inserted text> 
                $
l.146 	
       
I've inserted a begin-math/end-math symbol since I think
you left one out. Proceed, with fingers crossed.


Overfull \hbox (76.27068pt too wide) in paragraph at lines 136--146
[]\OT1/cmss/m/n/10 https://na.eventscloud.com/file$[]\OML/cmm/m/it/10 ploads=ae
d\OT1/cmr/m/n/10 4\OML/cmm/m/it/10 bc\OT1/cmr/m/n/10 20\OML/cmm/m/it/10 e\OT1/c
mr/m/n/10 84\OML/cmm/m/it/10 d\OT1/cmr/m/n/10 2839\OML/cmm/m/it/10 b\OT1/cmr/m/
n/10 83\OML/cmm/m/it/10 c\OT1/cmr/m/n/10 18\OML/cmm/m/it/10 bcba\OT1/cmr/m/n/10
 7\OML/cmm/m/it/10 e\OT1/cmr/m/n/10 2876[]\OML/cmm/m/it/10 wens\OT1/cmr/m/n/10 
1\OML/cmm/m/it/10 :pdfhttps \OT1/cmr/m/n/10 :
 []


Overfull \hbox (9.81349pt too wide) in paragraph at lines 136--146
\OML/cmm/m/it/10 ==www:wired:com=\OT1/cmr/m/n/10 2016\OML/cmm/m/it/10 =\OT1/cmr
/m/n/10 03\OML/cmm/m/it/10 =inside \OMS/cmsy/m/n/10 ^^@ \OML/cmm/m/it/10 cunnin
g \OMS/cmsy/m/n/10 ^^@ \OML/cmm/m/it/10 unprecedented \OMS/cmsy/m/n/10 ^^@ \OML
/cmm/m/it/10 hack \OMS/cmsy/m/n/10 ^^@ \OML/cmm/m/it/10 ukraines \OMS/cmsy/m/n/
10 ^^@
 []


Overfull \hbox (91.06609pt too wide) in paragraph at lines 136--146
\OML/cmm/m/it/10 power \OMS/cmsy/m/n/10 ^^@ \OML/cmm/m/it/10 grid=https \OT1/cm
r/m/n/10 : \OML/cmm/m/it/10 ==www:boozallen:com=content=dam=boozallen=documents
=\OT1/cmr/m/n/10 2016\OML/cmm/m/it/10 =\OT1/cmr/m/n/10 09\OML/cmm/m/it/10 =ukra
ine \OMS/cmsy/m/n/10 ^^@
 []


Overfull \hbox (15.73709pt too wide) in paragraph at lines 136--146
\OML/cmm/m/it/10 report \OMS/cmsy/m/n/10 ^^@ \OML/cmm/m/it/10 when \OMS/cmsy/m/
n/10 ^^@ \OML/cmm/m/it/10 the \OMS/cmsy/m/n/10 ^^@ \OML/cmm/m/it/10 lights \OMS
/cmsy/m/n/10 ^^@ \OML/cmm/m/it/10 went \OMS/cmsy/m/n/10 ^^@ \OML/cmm/m/it/10 ou
t:pdfhttps \OT1/cmr/m/n/10 : \OML/cmm/m/it/10 ==www:reuters:com=article=us \OMS
/cmsy/m/n/10 ^^@
 []


Overfull \hbox (2.89459pt too wide) in paragraph at lines 136--146
\OML/cmm/m/it/10 ==www:mandiant:com=resources=blog=ukraine \OMS/cmsy/m/n/10 ^^@
 \OML/cmm/m/it/10 and \OMS/cmsy/m/n/10 ^^@ \OML/cmm/m/it/10 sandworm \OMS/cmsy/
m/n/10 ^^@ \OML/cmm/m/it/10 teamhttps \OT1/cmr/m/n/10 :
 []


Overfull \hbox (153.90518pt too wide) in paragraph at lines 136--146
\OML/cmm/m/it/10 ==www:ifri:org=sites=default=files=atoms=files=desarnaud[]yber
[]ttacks[]nergy[]nfrastructures[]\OT1/cmr/m/n/10 017[]\OML/cmm/m/it/10 :pdfhttp
s \OT1/cmr/m/n/10 :
 []


Overfull \hbox (0.80202pt too wide) in paragraph at lines 136--146
\OML/cmm/m/it/10 ==ris:utwente:nl=ws=files=\OT1/cmr/m/n/10 6028066\OML/cmm/m/it
/10 =\OT1/cmr/m/n/10 3 \OMS/cmsy/m/n/10 ^^@ \OML/cmm/m/it/10 s\OT1/cmr/m/n/10 2
[] \OMS/cmsy/m/n/10 ^^@ \OML/cmm/m/it/10 B\OT1/cmr/m/n/10 9780128015957000227\O
ML/cmm/m/it/10 :pdfhttps \OT1/cmr/m/n/10 :
 []


Overfull \hbox (42.70598pt too wide) in paragraph at lines 136--146
\OML/cmm/m/it/10 ==repositorio \OMS/cmsy/m/n/10 ^^@ \OML/cmm/m/it/10 aberto:up:
pt=bitstream=\OT1/cmr/m/n/10 10216\OML/cmm/m/it/10 =\OT1/cmr/m/n/10 119066\OML/
cmm/m/it/10 =\OT1/cmr/m/n/10 2\OML/cmm/m/it/10 =\OT1/cmr/m/n/10 315683\OML/cmm/
m/it/10 :pdfhttps \OT1/cmr/m/n/10 : \OML/cmm/m/it/10 ==www:diva \OMS/cmsy/m/n/1
0 ^^@
 []


Overfull \hbox (159.06279pt too wide) in paragraph at lines 136--146
\OML/cmm/m/it/10 portal:org=smash=get=diva\OT1/cmr/m/n/10 2 : 1046339\OML/cmm/m
/it/10 =FULLTEXT\OT1/cmr/m/n/10 01\OML/cmm/m/it/10 :pdfhttps \OT1/cmr/m/n/10 : 
\OML/cmm/m/it/10 ==www:vice:com=en=article=zmeyg\OT1/cmr/m/n/10 8\OML/cmm/m/it/
10 =ukraine \OMS/cmsy/m/n/10 ^^@
 []


LaTeX Warning: Citation `Whitehead2017ukrainepoweroutage' on page 6 undefined o
n input line 150.


LaTeX Warning: Citation `zetter2016GridHack' on page 6 undefined on input line 
152.


LaTeX Warning: Citation `zetter2016GridHack' on page 6 undefined on input line 
158.


Overfull \hbox (71.1675pt too wide) in paragraph at lines 158--165
\OT1/cmss/m/n/10 attack-ukraine/ https://www.boozallen.com/content/dam/boozalle
n/documents/2016/09/ukraine-
 []


Overfull \hbox (50.61168pt too wide) in paragraph at lines 158--165
\OT1/cmss/m/n/10 report-when-the-lights-went-out.pdf https://www.reuters.com/ar
ticle/us-ukraine-cybersecurity-
 []


Overfull \hbox (78.08423pt too wide) in paragraph at lines 158--165
\OT1/cmss/m/n/10 sandworm/u-s-firm-blames-russian-sandworm-hackers-for-ukraine-
outage-idUSKBN0UM00N20160108
 []


Overfull \hbox (145.99986pt too wide) in paragraph at lines 158--165
\OT1/cmss/m/n/10 https://www.reuters.com/article/us-ukraine-crisis-cyber-idUSKB
N15U2CN https://theconversation.com/cyberattack-
 []


Overfull \hbox (155.97296pt too wide) in paragraph at lines 158--165
\OT1/cmss/m/n/10 on-ukraine-grid-heres-how-it-worked-and-perhaps-why-it-was-don
e-52802 https://jsis.washington.edu/news/cyberattack-
 []


Overfull \hbox (69.1675pt too wide) in paragraph at lines 166--168
\OT1/cmss/m/n/10 https://www.dragos.com/wp-content/uploads/CrashOverride-01.pdf
 https://www.dragos.com/wp-
 []

! Missing $ inserted.
<inserted text> 
                $
l.170 ...ites/default/files/atoms/files/desarnaud_
                                                  cyber_attacks_energy_infra...
I've inserted a begin-math/end-math symbol since I think
you left one out. Proceed, with fingers crossed.

! Missing $ inserted.
<inserted text> 
                $
l.172 	
       
I've inserted a begin-math/end-math symbol since I think
you left one out. Proceed, with fingers crossed.


Overfull \hbox (5.02838pt too wide) in paragraph at lines 169--172
\OT1/cmss/m/n/10 https://www.politico.eu/article/ukraine-cyber-war-frontline-ru
ssia-malware-attacks/
 []


Overfull \hbox (141.29382pt too wide) in paragraph at lines 169--172
\OT1/cmss/m/n/10 https://www.ifri.org/sites/default/files/atoms/files/desarnaud
$[]\OML/cmm/m/it/10 yber[]ttacks[]nergy[]nfrastructures[]\OT1/cmr/m/n/10 017[]\
OML/cmm/m/it/10 :pdfhttps \OT1/cmr/m/n/10 :
 []

[6]
Overfull \hbox (1.75063pt too wide) in paragraph at lines 176--180
\OT1/cmss/m/n/10 https://www.sans.org/blog/confirmation-of-a-coordinated-attack
-on-the-ukrainian-
 []


Overfull \hbox (13.75064pt too wide) in paragraph at lines 176--180
\OT1/cmss/m/n/10 power-grid/ https://arstechnica.com/information-technology/201
7/06/crash-override-
 []


Overfull \hbox (50.16727pt too wide) in paragraph at lines 176--180
\OT1/cmss/m/n/10 malware-may-sabotage-electric-grids-but-its-no-stuxnet/ https:
//www.darkreading.com/threat-
 []


Overfull \hbox (14.94484pt too wide) in paragraph at lines 176--180
\OT1/cmss/m/n/10 intelligence/first-malware-designed-solely-for-electric-grids-
caused-2016-ukraine-outage
 []

! Missing $ inserted.
<inserted text> 
                $
l.181 	https://en.wikipedia.org/wiki/2015_
                                          Ukraine_power_grid_hack
I've inserted a begin-math/end-math symbol since I think
you left one out. Proceed, with fingers crossed.

! Missing $ inserted.
<inserted text> 
                $
l.184 	
       
I've inserted a begin-math/end-math symbol since I think
you left one out. Proceed, with fingers crossed.


Overfull \hbox (40.95021pt too wide) in paragraph at lines 181--184
\OT1/cmss/m/n/10 https://en.wikipedia.org/wiki/2015$[]\OML/cmm/m/it/10 kraine[]
ower[]rid[]ackhttps \OT1/cmr/m/n/10 : \OML/cmm/m/it/10 ==www:cisa:gov=news \OMS
/cmsy/m/n/10 ^^@
 []


Overfull \hbox (126.60605pt too wide) in paragraph at lines 181--184
\OML/cmm/m/it/10 events=alerts=\OT1/cmr/m/n/10 2017\OML/cmm/m/it/10 =\OT1/cmr/m
/n/10 06\OML/cmm/m/it/10 =\OT1/cmr/m/n/10 12\OML/cmm/m/it/10 =crashoverride \OM
S/cmsy/m/n/10 ^^@ \OML/cmm/m/it/10 malwarehttps \OT1/cmr/m/n/10 : \OML/cmm/m/it
/10 ==rhebo:com=en=service=glossar=industroyer \OMS/cmsy/m/n/10 ^^@
 []

! Missing $ inserted.
<inserted text> 
                $
l.187 	https://na.eventscloud.com/file_
                                       uploads/aed4bc20e84d2839b83c18bcba7e2...
I've inserted a begin-math/end-math symbol since I think
you left one out. Proceed, with fingers crossed.

! Missing $ inserted.
<inserted text> 
                $
l.189 	\subsubsection
                     {Oplossingen}
I've inserted a begin-math/end-math symbol since I think
you left one out. Proceed, with fingers crossed.


Overfull \hbox (61.27068pt too wide) in paragraph at lines 187--189
\OT1/cmss/m/n/10 https://na.eventscloud.com/file$[]\OML/cmm/m/it/10 ploads=aed\
OT1/cmr/m/n/10 4\OML/cmm/m/it/10 bc\OT1/cmr/m/n/10 20\OML/cmm/m/it/10 e\OT1/cmr
/m/n/10 84\OML/cmm/m/it/10 d\OT1/cmr/m/n/10 2839\OML/cmm/m/it/10 b\OT1/cmr/m/n/
10 83\OML/cmm/m/it/10 c\OT1/cmr/m/n/10 18\OML/cmm/m/it/10 bcba\OT1/cmr/m/n/10 7
\OML/cmm/m/it/10 e\OT1/cmr/m/n/10 2876[]\OML/cmm/m/it/10 wens\OT1/cmr/m/n/10 1\
OML/cmm/m/it/10 :pdfhttps \OT1/cmr/m/n/10 :
 []


Overfull \hbox (1.93231pt too wide) in paragraph at lines 187--189
\OML/cmm/m/it/10 ==www:boozallen:com=content=dam=boozallen=documents=\OT1/cmr/m
/n/10 2016\OML/cmm/m/it/10 =\OT1/cmr/m/n/10 09\OML/cmm/m/it/10 =ukraine \OMS/cm
sy/m/n/10 ^^@
 []

! Missing $ inserted.
<inserted text> 
                $
l.190 	https://na.eventscloud.com/file_
                                       uploads/aed4bc20e84d2839b83c18bcba7e2...
I've inserted a begin-math/end-math symbol since I think
you left one out. Proceed, with fingers crossed.

! Missing $ inserted.
<inserted text> 
                $
l.192 	\subsubsection
                     {Aanbevelingen}
I've inserted a begin-math/end-math symbol since I think
you left one out. Proceed, with fingers crossed.


Overfull \hbox (61.27068pt too wide) in paragraph at lines 190--192
\OT1/cmss/m/n/10 https://na.eventscloud.com/file$[]\OML/cmm/m/it/10 ploads=aed\
OT1/cmr/m/n/10 4\OML/cmm/m/it/10 bc\OT1/cmr/m/n/10 20\OML/cmm/m/it/10 e\OT1/cmr
/m/n/10 84\OML/cmm/m/it/10 d\OT1/cmr/m/n/10 2839\OML/cmm/m/it/10 b\OT1/cmr/m/n/
10 83\OML/cmm/m/it/10 c\OT1/cmr/m/n/10 18\OML/cmm/m/it/10 bcba\OT1/cmr/m/n/10 7
\OML/cmm/m/it/10 e\OT1/cmr/m/n/10 2876[]\OML/cmm/m/it/10 wens\OT1/cmr/m/n/10 1\
OML/cmm/m/it/10 :pdfhttps \OT1/cmr/m/n/10 :
 []

LaTeX Font Info:    Trying to load font information for TS1+cmss on input line 
197.
(C:\Users\gally\AppData\Local\Programs\MiKTeX\tex/latex/base\ts1cmss.fd
File: ts1cmss.fd 2019/12/16 v2.5j Standard LaTeX font definitions
)
! Missing $ inserted.
<inserted text> 
                $
l.237 	https://na.eventscloud.com/file_
                                       uploads/aed4bc20e84d2839b83c18bcba7e2...
I've inserted a begin-math/end-math symbol since I think
you left one out. Proceed, with fingers crossed.

! Missing $ inserted.
<inserted text> 
                $
l.239 	\subsubsection
                     {spearfishing}
I've inserted a begin-math/end-math symbol since I think
you left one out. Proceed, with fingers crossed.


Overfull \hbox (61.27068pt too wide) in paragraph at lines 196--239
\OT1/cmss/m/n/10 https://na.eventscloud.com/file$[]\OML/cmm/m/it/10 ploads=aed\
OT1/cmr/m/n/10 4\OML/cmm/m/it/10 bc\OT1/cmr/m/n/10 20\OML/cmm/m/it/10 e\OT1/cmr
/m/n/10 84\OML/cmm/m/it/10 d\OT1/cmr/m/n/10 2839\OML/cmm/m/it/10 b\OT1/cmr/m/n/
10 83\OML/cmm/m/it/10 c\OT1/cmr/m/n/10 18\OML/cmm/m/it/10 bcba\OT1/cmr/m/n/10 7
\OML/cmm/m/it/10 e\OT1/cmr/m/n/10 2876[]\OML/cmm/m/it/10 wens\OT1/cmr/m/n/10 1\
OML/cmm/m/it/10 :pdfhttps \OT1/cmr/m/n/10 :
 []


Overfull \hbox (1.93231pt too wide) in paragraph at lines 196--239
\OML/cmm/m/it/10 ==www:boozallen:com=content=dam=boozallen=documents=\OT1/cmr/m
/n/10 2016\OML/cmm/m/it/10 =\OT1/cmr/m/n/10 09\OML/cmm/m/it/10 =ukraine \OMS/cm
sy/m/n/10 ^^@
 []

[7]

LaTeX Warning: Citation `Whitehead2017ukrainepoweroutage' on page 8 undefined o
n input line 250.

! Misplaced alignment tab character &.
l.255 ...FDAD1BD940260EF12B11?doi=10.1.1.548.7490&
                                                  amp;rep=rep1&amp;type=pdf
I can't figure out why you would want to use a tab mark
here. If you just want an ampersand, the remedy is
simple: Just type `I\&' now. But if some right brace
up above has ended a previous alignment prematurely,
you're probably due for more error messages, and you
might try typing `S' now just to see what is salvageable.

! Misplaced alignment tab character &.
l.255 ...EF12B11?doi=10.1.1.548.7490&amp;rep=rep1&
                                                  amp;type=pdf
I can't figure out why you would want to use a tab mark
here. If you just want an ampersand, the remedy is
simple: Just type `I\&' now. But if some right brace
up above has ended a previous alignment prematurely,
you're probably due for more error messages, and you
might try typing `S' now just to see what is salvageable.

! Missing $ inserted.
<inserted text> 
                $
l.257 ...w.researchgate.net/publication/333671061_
                                                  Attacking_IEC-60870-5-104_...
I've inserted a begin-math/end-math symbol since I think
you left one out. Proceed, with fingers crossed.

! You can't use `macro parameter character #' in math mode.
l.268 ...w.blackhat.com/us-17/briefings/schedule/#
                                                  industroyercrashoverride-z...
Sorry, but I'm not programmed to handle this case;
I'll just pretend that you didn't ask for it.
If you're in the wrong mode, you might be able to
return to the right one by typing `I}' or `I$' or `I\par'.

! Misplaced alignment tab character &.
l.269 ...Download.aspx?DocumentID=9AKK107045A1003&
                                                  amp;LanguageCode=en&amp;Do...
I can't figure out why you would want to use a tab mark
here. If you just want an ampersand, the remedy is
simple: Just type `I\&' now. But if some right brace
up above has ended a previous alignment prematurely,
you're probably due for more error messages, and you
might try typing `S' now just to see what is salvageable.

! Misplaced alignment tab character &.
l.269 ...ntID=9AKK107045A1003&amp;LanguageCode=en&
                                                  amp;DocumentPartId=&amp;Ac...
I can't figure out why you would want to use a tab mark
here. If you just want an ampersand, the remedy is
simple: Just type `I\&' now. But if some right brace
up above has ended a previous alignment prematurely,
you're probably due for more error messages, and you
might try typing `S' now just to see what is salvageable.

! Misplaced alignment tab character &.
l.269 ...&amp;LanguageCode=en&amp;DocumentPartId=&
                                                  amp;Action=Launch
I can't figure out why you would want to use a tab mark
here. If you just want an ampersand, the remedy is
simple: Just type `I\&' now. But if some right brace
up above has ended a previous alignment prematurely,
you're probably due for more error messages, and you
might try typing `S' now just to see what is salvageable.

! Missing $ inserted.
<inserted text> 
                $
l.283 	\section
               {Modellen}
I've inserted a begin-math/end-math symbol since I think
you left one out. Proceed, with fingers crossed.


Overfull \hbox (292.19586pt too wide) in paragraph at lines 255--283
\OT1/cmss/m/n/10 https://citeseerx.ist.psu.edu/viewdoc/download;jsessionid=0513
EED48102FDAD1BD940260EF12B11?doi=10.1.1.548.7490amp;rep=rep1amp;type=pdf
 []


Overfull \hbox (172.02527pt too wide) in paragraph at lines 255--283
\OT1/cmss/m/n/10 https://scialert.net/fulltext/?doi=tasr.2014.396.405 https://w
ww.researchgate.net/publication/333671061$[]\OML/cmm/m/it/10 ttacking[]EC \OMS/
cmsy/m/n/10 ^^@
 []


Overfull \hbox (213.87476pt too wide) in paragraph at lines 255--283
\OT1/cmr/m/n/10 60870 \OMS/cmsy/m/n/10 ^^@ \OT1/cmr/m/n/10 5 \OMS/cmsy/m/n/10 ^
^@ \OT1/cmr/m/n/10 104[]\OML/cmm/m/it/10 CADA[]ystemshttps \OT1/cmr/m/n/10 : \O
ML/cmm/m/it/10 ==www:welivesecurity:com=wp \OMS/cmsy/m/n/10 ^^@ \OML/cmm/m/it/1
0 content=uploads=\OT1/cmr/m/n/10 2017\OML/cmm/m/it/10 =\OT1/cmr/m/n/10 06\OML/
cmm/m/it/10 =Win\OT1/cmr/m/n/10 32[]\OML/cmm/m/it/10 ndustroyer:pdfhttps \OT1/c
mr/m/n/10 :
 []


Overfull \hbox (16.05869pt too wide) in paragraph at lines 255--283
\OML/cmm/m/it/10 ==blog:nettedautomation:com=\OT1/cmr/m/n/10 2017\OML/cmm/m/it/
10 =https \OT1/cmr/m/n/10 : \OML/cmm/m/it/10 ==arxiv:org=pdf=\OT1/cmr/m/n/10 20
01\OML/cmm/m/it/10 :\OT1/cmr/m/n/10 02925\OML/cmm/m/it/10 :pdfhttps \OT1/cmr/m/
n/10 :
 []


Overfull \hbox (142.2459pt too wide) in paragraph at lines 255--283
\OML/cmm/m/it/10 ==dl:acm:org=doi=fullHtml=\OT1/cmr/m/n/10 10\OML/cmm/m/it/10 :
\OT1/cmr/m/n/10 1145\OML/cmm/m/it/10 =\OT1/cmr/m/n/10 3381038\OML/cmm/m/it/10 h
ttps \OT1/cmr/m/n/10 : \OML/cmm/m/it/10 ==www:win:tue:nl= setalle=\OT1/cmr/m/n/
10 2017[]\OML/cmm/m/it/10 auri[]ncryption:pdfhttp \OT1/cmr/m/n/10 :
 []


Overfull \hbox (42.93593pt too wide) in paragraph at lines 255--283
\OML/cmm/m/it/10 ==www:connectivity\OT1/cmr/m/n/10 4\OML/cmm/m/it/10 ir:co:uk=a
rticle=\OT1/cmr/m/n/10 175490\OML/cmm/m/it/10 =IEC \OMS/cmsy/m/n/10 ^^@ \OT1/cm
r/m/n/10 62351 \OMS/cmsy/m/n/10 ^^@ ^^@\OML/cmm/m/it/10 Secure \OMS/cmsy/m/n/10
 ^^@ \OML/cmm/m/it/10 communication \OMS/cmsy/m/n/10 ^^@
 []


Overfull \hbox (18.97447pt too wide) in paragraph at lines 255--283
\OML/cmm/m/it/10 in \OMS/cmsy/m/n/10 ^^@ \OML/cmm/m/it/10 the \OMS/cmsy/m/n/10 
^^@ \OML/cmm/m/it/10 energy \OMS/cmsy/m/n/10 ^^@ \OML/cmm/m/it/10 industry:aspx
https \OT1/cmr/m/n/10 : \OML/cmm/m/it/10 ==www:virsec:com=resources=blog=virsec
 \OMS/cmsy/m/n/10 ^^@
 []


Overfull \hbox (70.79735pt too wide) in paragraph at lines 255--283
\OML/cmm/m/it/10 ==dreamlab:net=en=blog=post=fuzzing \OMS/cmsy/m/n/10 ^^@ \OML/
cmm/m/it/10 ics \OMS/cmsy/m/n/10 ^^@ \OML/cmm/m/it/10 protocols=https \OT1/cmr/
m/n/10 : \OML/cmm/m/it/10 ==www:blackhat:com=docs=us \OMS/cmsy/m/n/10 ^^@
 []


Overfull \hbox (34.08658pt too wide) in paragraph at lines 255--283
\OML/cmm/m/it/10 Control \OMS/cmsy/m/n/10 ^^@ \OML/cmm/m/it/10 Networks:pdfhttp
s \OT1/cmr/m/n/10 : \OML/cmm/m/it/10 ==blog:checkpoint:com=research=crashoverri
de=https \OT1/cmr/m/n/10 :
 []


Overfull \hbox (0.11124pt too wide) in paragraph at lines 255--283
\OML/cmm/m/it/10 ==www:blackhat:com=us \OMS/cmsy/m/n/10 ^^@ \OT1/cmr/m/n/10 17\
OML/cmm/m/it/10 =briefings=schedule=industroyercrashoverride \OMS/cmsy/m/n/10 ^
^@
 []


Overfull \hbox (36.6312pt too wide) in paragraph at lines 255--283
\OT1/cmr/m/n/10 9\OML/cmm/m/it/10 AKK\OT1/cmr/m/n/10 107045\OML/cmm/m/it/10 A\O
T1/cmr/m/n/10 1003\OML/cmm/m/it/10 amp\OT1/cmr/m/n/10 ; \OML/cmm/m/it/10 Langua
geCode \OT1/cmr/m/n/10 = \OML/cmm/m/it/10 enamp\OT1/cmr/m/n/10 ; \OML/cmm/m/it/
10 DocumentPartId \OT1/cmr/m/n/10 = \OML/cmm/m/it/10 amp\OT1/cmr/m/n/10 ; \OML/
cmm/m/it/10 Action \OT1/cmr/m/n/10 =
 []


Overfull \hbox (25.48827pt too wide) in paragraph at lines 255--283
\OML/cmm/m/it/10 Launchhttps \OT1/cmr/m/n/10 : \OML/cmm/m/it/10 ==iiot \OMS/cms
y/m/n/10 ^^@ \OML/cmm/m/it/10 world:com=ics \OMS/cmsy/m/n/10 ^^@ \OML/cmm/m/it/
10 security=cybersecurity=five \OMS/cmsy/m/n/10 ^^@ \OML/cmm/m/it/10 cybersecur
ity \OMS/cmsy/m/n/10 ^^@
 []


Overfull \hbox (49.96284pt too wide) in paragraph at lines 255--283
\OML/cmm/m/it/10 run:htmlhttps \OT1/cmr/m/n/10 : \OML/cmm/m/it/10 ==www:paloalt
onetworks:com=blog=\OT1/cmr/m/n/10 2017\OML/cmm/m/it/10 =\OT1/cmr/m/n/10 06\OML
/cmm/m/it/10 =crashoverrideindustroyer \OMS/cmsy/m/n/10 ^^@
 []


Overfull \hbox (127.11266pt too wide) in paragraph at lines 255--283
\OML/cmm/m/it/10 protections \OMS/cmsy/m/n/10 ^^@ \OML/cmm/m/it/10 palo \OMS/cm
sy/m/n/10 ^^@ \OML/cmm/m/it/10 alto \OMS/cmsy/m/n/10 ^^@ \OML/cmm/m/it/10 netwo
rks \OMS/cmsy/m/n/10 ^^@ \OML/cmm/m/it/10 customers=https \OT1/cmr/m/n/10 : \OM
L/cmm/m/it/10 ==www:webopedia:com=definitions=crashoverride \OMS/cmsy/m/n/10 ^^
@
 []


Overfull \hbox (75.18195pt too wide) in paragraph at lines 255--283
\OML/cmm/m/it/10 profiles=ics \OMS/cmsy/m/n/10 ^^@ \OML/cmm/m/it/10 malware \OM
S/cmsy/m/n/10 ^^@ \OML/cmm/m/it/10 variants=crashoverridehttps \OT1/cmr/m/n/10 
: \OML/cmm/m/it/10 ==www:nixu:com=blog=crashoverride \OMS/cmsy/m/n/10 ^^@
 []


Overfull \hbox (75.12192pt too wide) in paragraph at lines 255--283
\OML/cmm/m/it/10 threat \OMS/cmsy/m/n/10 ^^@ \OML/cmm/m/it/10 electricity \OMS/
cmsy/m/n/10 ^^@ \OML/cmm/m/it/10 networkshttps \OT1/cmr/m/n/10 : \OML/cmm/m/it/
10 ==www:virusbulletin:com=virusbulletin=\OT1/cmr/m/n/10 2019\OML/cmm/m/it/10 =
\OT1/cmr/m/n/10 03\OML/cmm/m/it/10 =vb\OT1/cmr/m/n/10 2018 \OMS/cmsy/m/n/10 ^^@

 []


Overfull \hbox (103.9811pt too wide) in paragraph at lines 255--283
\OML/cmm/m/it/10 ==en:wikipedia:org=wiki=Crash[]verride[]etworkhttps \OT1/cmr/m
/n/10 : \OML/cmm/m/it/10 ==en:wikipedia:org=wiki=Industroyerhttps \OT1/cmr/m/n/
10 :
 []


Overfull \hbox (132.71156pt too wide) in paragraph at lines 255--283
\OML/cmm/m/it/10 russian \OMS/cmsy/m/n/10 ^^@ \OML/cmm/m/it/10 hackinghttps \OT
1/cmr/m/n/10 : \OML/cmm/m/it/10 ==www:nixu:com=fi=node=\OT1/cmr/m/n/10 53\OML/c
mm/m/it/10 https \OT1/cmr/m/n/10 : \OML/cmm/m/it/10 ==control:com=forums=thread
s=comparison \OMS/cmsy/m/n/10 ^^@
 []

[8] [9] [10] [11] [12]
No file thesis.bbl.
(thesis.aux)

LaTeX Warning: There were undefined references.

 ) 
Here is how much of TeX's memory you used:
 2994 strings out of 475385
 54277 string characters out of 2776908
 416332 words of memory out of 3000000
 24342 multiletter control sequences out of 15000+600000
 472473 words of font info for 39 fonts, out of 8000000 for 9000
 1141 hyphenation exceptions out of 8191
 60i,6n,67p,653b,327s stack positions out of 10000i,1000n,20000p,200000b,80000s
 <C:\Users\gally\AppData\Local\MiKTeX\fonts/pk/ljfour/jknappen/ec/dpi600\tcss
1000.pk><C:/Users/gally/AppData/Local/Programs/MiKTeX/fonts/type1/public/amsfon
ts/cm/cmbx10.pfb><C:/Users/gally/AppData/Local/Programs/MiKTeX/fonts/type1/publ
ic/amsfonts/cm/cmbx12.pfb><C:/Users/gally/AppData/Local/Programs/MiKTeX/fonts/t
ype1/public/amsfonts/cm/cmmi10.pfb><C:/Users/gally/AppData/Local/Programs/MiKTe
X/fonts/type1/public/amsfonts/cm/cmmi7.pfb><C:/Users/gally/AppData/Local/Progra
ms/MiKTeX/fonts/type1/public/amsfonts/cm/cmr10.pfb><C:/Users/gally/AppData/Loca
l/Programs/MiKTeX/fonts/type1/public/amsfonts/cm/cmr7.pfb><C:/Users/gally/AppDa
ta/Local/Programs/MiKTeX/fonts/type1/public/amsfonts/cm/cmss10.pfb><C:/Users/ga
lly/AppData/Local/Programs/MiKTeX/fonts/type1/public/amsfonts/cm/cmssbx10.pfb><
C:/Users/gally/AppData/Local/Programs/MiKTeX/fonts/type1/public/amsfonts/cm/cms
y10.pfb><C:/Users/gally/AppData/Local/Programs/MiKTeX/fonts/type1/public/amsfon
ts/cm/cmtt10.pfb>
Output written on thesis.pdf (13 pages, 170935 bytes).
PDF statistics:
 100 PDF objects out of 1000 (max. 8388607)
 0 named destinations out of 1000 (max. 500000)
 1 words of extra memory for PDF output out of 10000 (max. 10000000)

