\BOOKMARK [0][-]{chapter*.1}{\376\377\000S\000a\000m\000e\000n\000v\000a\000t\000t\000i\000n\000g}{}% 1
\BOOKMARK [0][-]{chapter*.2}{\376\377\000D\000a\000n\000k\000b\000e\000t\000u\000i\000g\000i\000n\000g}{}% 2
\BOOKMARK [0][-]{chapter*.4}{\376\377\000t\000r\000e\000f\000w\000o\000o\000r\000d\000e\000n}{}% 3
\BOOKMARK [0][-]{chapter*.5}{\376\377\000I\000n\000l\000e\000i\000d\000i\000n\000g}{}% 4
\BOOKMARK [0][-]{chapter*.19}{\376\377\000T\000h\000e\000o\000r\000e\000t\000i\000s\000c\000h\000\040\000k\000a\000d\000e\000r}{}% 5
\BOOKMARK [1][-]{subsection.0.0.1}{\376\377\000M\000O\000D\000E\000\040\000C\000O\000N\000F\000U\000S\000I\000O\000N\000\040}{chapter*.19}% 6
\BOOKMARK [2][-]{subsection.0.0.2}{\376\377\000W\000a\000t\000\040\000i\000s\000\040\000a\000u\000t\000o\000m\000a\000t\000i\000s\000e\000r\000i\000n\000g\000s\000p\000a\000r\000a\000d\000o\000x}{subsection.0.0.1}% 7
\BOOKMARK [2][-]{subsection.0.0.3}{\376\377\000W\000a\000t\000\040\000i\000s\000\040\000e\000e\000n\000\040\000m\000o\000d\000e\000l}{subsection.0.0.1}% 8
\BOOKMARK [2][-]{subsection.0.0.4}{\376\377\000W\000o\000r\000l\000d\000\040\000a\000n\000d\000\040\000m\000a\000c\000h\000i\000n\000e\000\040\000s\000a\000m\000e\000n\000v\000a\000t\000t\000i\000n\000g}{subsection.0.0.1}% 9
\BOOKMARK [2][-]{subsection.0.0.5}{\376\377\0004\000\040\000v\000a\000r\000i\000a\000b\000e\000l\000e\000n\000\040\000m\000o\000d\000e\000l}{subsection.0.0.1}% 10
\BOOKMARK [2][-]{subsection.0.0.6}{\376\377\000S\000I\000X\000\040\000V\000a\000r\000i\000a\000b\000l\000e\000\040\000m\000o\000d\000e\000l}{subsection.0.0.1}% 11
\BOOKMARK [2][-]{subsection.0.0.7}{\376\377\000R\000e\000q\000u\000i\000r\000e\000m\000e\000n\000t\000s\000e\000n\000g\000i\000n\000e\000e\000r\000i\000n\000g}{subsection.0.0.1}% 12
\BOOKMARK [0][-]{chapter*.35}{\376\377\000O\000n\000d\000e\000r\000z\000o\000e\000k\000s\000r\000e\000s\000u\000l\000t\000a\000t\000e\000n\000\040\000n\000a\000a\000r\000\040\000r\000a\000m\000p\000e\000n}{}% 13
\BOOKMARK [1][-]{subsection.0.0.8}{\376\377\000I\000n\000l\000e\000i\000d\000i\000n\000g}{chapter*.35}% 14
\BOOKMARK [2][-]{subsection.0.0.9}{\376\377\000S\000y\000s\000t\000e\000e\000m\000r\000a\000m\000p\000e\000n}{subsection.0.0.8}% 15
\BOOKMARK [2][-]{subsection.0.0.10}{\376\377\000A\000n\000a\000l\000y\000s\000e}{subsection.0.0.8}% 16
\BOOKMARK [2][-]{subsection.0.0.11}{\376\377\000C\000o\000n\000c\000l\000u\000s\000i\000e}{subsection.0.0.8}% 17
\BOOKMARK [0][-]{chapter*.54}{\376\377\000D\000e\000e\000l\000o\000n\000d\000e\000r\000z\000o\000e\000k\000e\000n}{}% 18
\BOOKMARK [0][-]{chapter*.59}{\376\377\000U\000p\000p\000a\000a\000l\000\040\000m\000o\000d\000e\000l}{}% 19
\BOOKMARK [1][-]{subsection.0.0.12}{\376\377\000R\000e\000q\000u\000i\000r\000e\000m\000e\000n\000t\000s}{chapter*.59}% 20
\BOOKMARK [2][-]{subsection.0.0.13}{\376\377\000N\000o\000t\000i\000t\000i\000e\000s\000\040\000d\000i\000e\000\040\000v\000e\000r\000w\000e\000r\000k\000t\000\040\000m\000o\000e\000t\000e\000n\000\040\000w\000o\000r\000d\000e\000n}{subsection.0.0.12}% 21
\BOOKMARK [2][-]{subsection.0.0.14}{\376\377\000S\000l\000u\000i\000s\000d\000e\000u\000r\000e\000n\000\040\000e\000n\000\040\000s\000t\000o\000p\000l\000i\000c\000h\000t\000e\000n}{subsection.0.0.12}% 22
\BOOKMARK [2][-]{subsection.0.0.15}{\376\377\000W\000a\000t\000e\000r\000p\000o\000m\000p}{subsection.0.0.12}% 23
\BOOKMARK [2][-]{subsection.0.0.16}{\376\377\000B\000o\000t\000e\000n}{subsection.0.0.12}% 24
\BOOKMARK [2][-]{subsection.0.0.17}{\376\377\000S\000p\000e\000c\000i\000f\000i\000c\000a\000t\000i\000e\000s}{subsection.0.0.12}% 25
\BOOKMARK [2][-]{subsection.0.0.18}{\376\377\000R\000e\000q\000u\000i\000r\000e\000m\000e\000n\000t\000s\000\040\000v\000o\000o\000r\000\040\000H\000e\000t\000\040\000s\000l\000u\000i\000s\000m\000o\000d\000e\000l}{subsection.0.0.12}% 26
\BOOKMARK [2][-]{subsection.0.0.19}{\376\377\000R\000e\000q\000u\000i\000r\000e\000m\000e\000n\000t\000s}{subsection.0.0.12}% 27
\BOOKMARK [2][-]{subsection.0.0.20}{\376\377\000A\000f\000b\000a\000k\000e\000n\000i\000n\000g}{subsection.0.0.12}% 28
\BOOKMARK [2][-]{subsection.0.0.21}{\376\377\000T\000e\000m\000p\000l\000a\000t\000e}{subsection.0.0.12}% 29
\BOOKMARK [2][-]{subsection.0.0.22}{\376\377\000V\000e\000r\000i\000f\000i\000c\000a\000t\000i\000e}{subsection.0.0.12}% 30
\BOOKMARK [2][-]{subsection.0.0.23}{\376\377\000F\000o\000r\000m\000e\000l\000e\000\040\000s\000p\000e\000c\000i\000f\000i\000c\000a\000t\000i\000e\000s}{subsection.0.0.12}% 31
\BOOKMARK [0][-]{chapter*.86}{\376\377\000C\000o\000n\000c\000l\000u\000s\000i\000e}{}% 32
\BOOKMARK [0][-]{chapter*.87}{\376\377\000D\000i\000s\000c\000u\000s\000s\000i\000e}{}% 33
\BOOKMARK [0][-]{chapter*.88}{\376\377\000B\000r\000o\000n\000n\000e\000n}{}% 34
\BOOKMARK [0][-]{chapter*.89}{\376\377\000E\000v\000a\000l\000u\000a\000t\000i\000e}{}% 35
\BOOKMARK [0][-]{appendix.A}{\376\377\000A\000c\000h\000t\000e\000r\000g\000r\000o\000n\000d\000\040\000m\000a\000t\000e\000r\000i\000a\000a\000l}{}% 36
\BOOKMARK [0][-]{appendix*.90}{\376\377\000R\000e\000q\000u\000i\000r\000e\000m\000e\000n\000t\000\040\000t\000r\000a\000c\000a\000b\000i\000l\000i\000t\000y\000\040\000m\000a\000t\000r\000i\000x}{}% 37
\BOOKMARK [0][-]{appendix*.91}{\376\377\000s\000w\000o\000t\000\040\000a\000n\000a\000l\000y\000s\000e}{}% 38
\BOOKMARK [1][-]{section.A.1}{\376\377\000R\000e\000s\000e\000a\000r\000c\000h\000\040\000c\000a\000s\000e\000:\000\040\000D\000e\000\040\000d\000i\000g\000i\000t\000a\000l\000e\000\040\000a\000a\000n\000v\000a\000l\000\040\000o\000p\000\040\000d\000e\000\040\000O\000e\000k\000r\000a\000i\000n\000e\000s\000e\000\040\000k\000r\000a\000c\000h\000t\000c\000e\000n\000t\000r\000a\000l\000e}{appendix*.91}% 39
\BOOKMARK [2][-]{subsection.A.1.1}{\376\377\000L\000i\000t\000e\000r\000a\000i\000r\000e\000\040\000a\000n\000a\000l\000y\000s\000e}{section.A.1}% 40
\BOOKMARK [2][-]{subsection.A.1.2}{\376\377\000R\000e\000s\000u\000l\000t\000a\000t\000e\000n}{section.A.1}% 41
\BOOKMARK [2][-]{subsection.A.1.3}{\376\377\000o\000p\000l\000o\000s\000s\000i\000n\000g\000e\000n}{section.A.1}% 42
\BOOKMARK [2][-]{subsection.A.1.4}{\376\377\000D\000i\000s\000c\000u\000s\000s\000i\000e}{section.A.1}% 43
\BOOKMARK [2][-]{subsection.A.1.5}{\376\377\000V\000e\000r\000d\000e\000r\000\040\000l\000e\000z\000e\000n}{section.A.1}% 44
\BOOKMARK [2][-]{subsection.A.1.6}{\376\377\000F\000o\000r\000m\000e\000l\000e\000\040\000l\000o\000g\000i\000c\000a}{section.A.1}% 45
\BOOKMARK [1][-]{section*.117}{\376\377\000W\000e\000r\000k\000e\000n\000\040\000m\000e\000t\000\040\000L\000a\000T\000e\000X}{appendix*.91}% 46
\BOOKMARK [1][-]{section*.118}{\376\377\000B\000i\000j\000z\000o\000n\000d\000e\000r\000e\000\040\000t\000e\000k\000e\000n\000s\000\040\000e\000n\000\040\000a\000f\000b\000r\000e\000e\000k\000p\000r\000o\000b\000l\000e\000m\000e\000n}{appendix*.91}% 47
\BOOKMARK [1][-]{section*.119}{\376\377\000A\000l\000g\000o\000r\000i\000t\000m\000e\000n\000\040\000e\000n\000\040\000b\000r\000o\000n\000c\000o\000d\000e\000w\000i\000k\000i\000b\000o\000o\000k\000s}{appendix*.91}% 48
