This is pdfTeX, Version 3.141592653-2.6-1.40.24 (MiKTeX 22.10) (preloaded format=pdflatex 2023.1.8)  24 OCT 2023 20:48
entering extended mode
 restricted \write18 enabled.
 %&-line parsing enabled.
**./verslag.tex
(verslag.tex
LaTeX2e <2022-06-01> patch level 5
L3 programming layer <2022-09-28>
(C:\Users\gally\AppData\Local\Programs\MiKTeX\tex/latex/base\article.cls
Document Class: article 2021/10/04 v1.4n Standard LaTeX document class
(C:\Users\gally\AppData\Local\Programs\MiKTeX\tex/latex/base\size10.clo
File: size10.clo 2021/10/04 v1.4n Standard LaTeX file (size option)
)
\c@part=\count185
\c@section=\count186
\c@subsection=\count187
\c@subsubsection=\count188
\c@paragraph=\count189
\c@subparagraph=\count190
\c@figure=\count191
\c@table=\count192
\abovecaptionskip=\skip47
\belowcaptionskip=\skip48
\bibindent=\dimen138
)
(C:\Users\gally\AppData\Local\Programs\MiKTeX\tex/latex/graphics\graphicx.sty
Package: graphicx 2021/09/16 v1.2d Enhanced LaTeX Graphics (DPC,SPQR)

(C:\Users\gally\AppData\Local\Programs\MiKTeX\tex/latex/graphics\keyval.sty
Package: keyval 2022/05/29 v1.15 key=value parser (DPC)
\KV@toks@=\toks16
)
(C:\Users\gally\AppData\Local\Programs\MiKTeX\tex/latex/graphics\graphics.sty
Package: graphics 2022/03/10 v1.4e Standard LaTeX Graphics (DPC,SPQR)

(C:\Users\gally\AppData\Local\Programs\MiKTeX\tex/latex/graphics\trig.sty
Package: trig 2021/08/11 v1.11 sin cos tan (DPC)
)
(C:\Users\gally\AppData\Local\Programs\MiKTeX\tex/latex/graphics-cfg\graphics.c
fg
File: graphics.cfg 2016/06/04 v1.11 sample graphics configuration
)
Package graphics Info: Driver file: pdftex.def on input line 107.

(C:\Users\gally\AppData\Local\Programs\MiKTeX\tex/latex/graphics-def\pdftex.def
File: pdftex.def 2022/09/22 v1.2b Graphics/color driver for pdftex
\stockwidth=\dimen139
\stockheight=\dimen140
))
\Gin@req@height=\dimen141
\Gin@req@width=\dimen142
) (C:\Users\gally\AppData\Local\Programs\MiKTeX\tex/generic/babel\babel.sty
Package: babel 2022/10/04 3.81 The Babel package
\babel@savecnt=\count193
\U@D=\dimen143
\l@unhyphenated=\language79

(C:\Users\gally\AppData\Local\Programs\MiKTeX\tex/generic/babel\txtbabel.def)
\bbl@readstream=\read2
\bbl@dirlevel=\count194

*************************************
* Local config file bblopts.cfg used
*
(C:\Users\gally\AppData\Local\Programs\MiKTeX\tex/latex/arabi\bblopts.cfg
File: bblopts.cfg 2005/09/08 v0.1 add Arabic and Farsi to "declared" options of
 babel
)
(C:\Users\gally\AppData\Local\Programs\MiKTeX\tex/latex/babel-dutch\dutch.ldf
Language: dutch 2021/08/29 v3.8l Dutch support from the babel system
Package babel Info: Making " an active character on input line 127.
))
(C:\Users\gally\AppData\Local\Programs\MiKTeX\tex/generic/babel/locale/nl\babel
-dutch.tex
Package babel Info: Importing font and identification data for dutch
(babel)             from babel-nl.ini. Reported on input line 11.
)
(C:\Users\gally\AppData\Local\Programs\MiKTeX\tex/latex/geometry\geometry.sty
Package: geometry 2020/01/02 v5.9 Page Geometry

(C:\Users\gally\AppData\Local\Programs\MiKTeX\tex/generic/iftex\ifvtex.sty
Package: ifvtex 2019/10/25 v1.7 ifvtex legacy package. Use iftex instead.

(C:\Users\gally\AppData\Local\Programs\MiKTeX\tex/generic/iftex\iftex.sty
Package: iftex 2022/02/03 v1.0f TeX engine tests
))
\Gm@cnth=\count195
\Gm@cntv=\count196
\c@Gm@tempcnt=\count197
\Gm@bindingoffset=\dimen144
\Gm@wd@mp=\dimen145
\Gm@odd@mp=\dimen146
\Gm@even@mp=\dimen147
\Gm@layoutwidth=\dimen148
\Gm@layoutheight=\dimen149
\Gm@layouthoffset=\dimen150
\Gm@layoutvoffset=\dimen151
\Gm@dimlist=\toks17

(C:\Users\gally\AppData\Local\Programs\MiKTeX\tex/latex/geometry\geometry.cfg))
(C:\Users\gally\AppData\Local\Programs\MiKTeX\tex/latex/caption\subcaption.sty
Package: subcaption 2022/01/07 v1.5 Sub-captions (AR)

(C:\Users\gally\AppData\Local\Programs\MiKTeX\tex/latex/caption\caption.sty
Package: caption 2022/03/01 v3.6b Customizing captions (AR)

(C:\Users\gally\AppData\Local\Programs\MiKTeX\tex/latex/caption\caption3.sty
Package: caption3 2022/03/17 v2.3b caption3 kernel (AR)
\caption@tempdima=\dimen152
\captionmargin=\dimen153
\caption@leftmargin=\dimen154
\caption@rightmargin=\dimen155
\caption@width=\dimen156
\caption@indent=\dimen157
\caption@parindent=\dimen158
\caption@hangindent=\dimen159
Package caption Info: Standard document class detected.
)
\c@caption@flags=\count198
\c@continuedfloat=\count199
)
\c@subfigure=\count266
\c@subtable=\count267
) (C:\Users\gally\AppData\Local\Programs\MiKTeX\tex/latex/ragged2e\ragged2e.sty
Package: ragged2e 2021/12/15 v3.1 ragged2e Package
\CenteringLeftskip=\skip49
\RaggedLeftLeftskip=\skip50
\RaggedRightLeftskip=\skip51
\CenteringRightskip=\skip52
\RaggedLeftRightskip=\skip53
\RaggedRightRightskip=\skip54
\CenteringParfillskip=\skip55
\RaggedLeftParfillskip=\skip56
\RaggedRightParfillskip=\skip57
\JustifyingParfillskip=\skip58
\CenteringParindent=\skip59
\RaggedLeftParindent=\skip60
\RaggedRightParindent=\skip61
\JustifyingParindent=\skip62
) (C:\Users\gally\AppData\Local\Programs\MiKTeX\tex/latex/xcolor\xcolor.sty
Package: xcolor 2022/06/12 v2.14 LaTeX color extensions (UK)

(C:\Users\gally\AppData\Local\Programs\MiKTeX\tex/latex/graphics-cfg\color.cfg
File: color.cfg 2016/01/02 v1.6 sample color configuration
)
Package xcolor Info: Driver file: pdftex.def on input line 227.
(C:\Users\gally\AppData\Local\Programs\MiKTeX\tex/latex/graphics\mathcolor.ltx)
Package xcolor Info: Model `cmy' substituted by `cmy0' on input line 1353.
Package xcolor Info: Model `hsb' substituted by `rgb' on input line 1357.
Package xcolor Info: Model `RGB' extended on input line 1369.
Package xcolor Info: Model `HTML' substituted by `rgb' on input line 1371.
Package xcolor Info: Model `Hsb' substituted by `hsb' on input line 1372.
Package xcolor Info: Model `tHsb' substituted by `hsb' on input line 1373.
Package xcolor Info: Model `HSB' substituted by `hsb' on input line 1374.
Package xcolor Info: Model `Gray' substituted by `gray' on input line 1375.
Package xcolor Info: Model `wave' substituted by `hsb' on input line 1376.
)
(C:\Users\gally\AppData\Local\Programs\MiKTeX\tex/latex/tabularray\tabularray.s
ty (C:\Users\gally\AppData\Local\Programs\MiKTeX\tex/latex/l3kernel\expl3.sty
Package: expl3 2022-09-28 L3 programming layer (loader) 

(C:\Users\gally\AppData\Local\Programs\MiKTeX\tex/latex/l3backend\l3backend-pdf
tex.def
File: l3backend-pdftex.def 2022-09-28 L3 backend support: PDF output (pdfTeX)
\l__color_backend_stack_int=\count268
\l__pdf_internal_box=\box51
))
Package: tabularray 2023-03-01 v2023A Typeset tabulars and arrays with LaTeX3
\l__tblr_a_int=\count269
\l__tblr_c_int=\count270
\l__tblr_r_int=\count271
\l__tblr_d_dim=\dimen160
\l__tblr_h_dim=\dimen161
\l__tblr_o_dim=\dimen162
\l__tblr_p_dim=\dimen163
\l__tblr_q_dim=\dimen164
\l__tblr_r_dim=\dimen165
\l__tblr_s_dim=\dimen166
\l__tblr_t_dim=\dimen167
\l__tblr_v_dim=\dimen168
\l__tblr_w_dim=\dimen169
\l__tblr_a_box=\box52
\l__tblr_b_box=\box53
\l__tblr_c_box=\box54
\l__tblr_d_box=\box55
\g__tblr_table_count_int=\count272
\c@rownum=\count273
\c@colnum=\count274
\c@rowcount=\count275
\c@colcount=\count276
\abovesep=\dimen170
\belowsep=\dimen171
\leftsep=\dimen172
\rightsep=\dimen173
\g_tblr_level_int=\count277
\g__tblr_data_row_key_count_int=\count278
\g__tblr_data_column_key_count_int=\count279
\g__tblr_data_cell_key_count_int=\count280
\g__tblr_array_int=\count281
\l__tblr_key_count_int=\count282
\l__tblr_key_quotient_int=\count283
\l__tblr_key_quotient_two_int=\count284
\l__tblr_key_remainder_int=\count285
\g__tblr_data_str_value_count_int=\count286
\rulewidth=\dimen174
\l__tblr_strut_dp_dim=\dimen175
\l__tblr_strut_ht_dim=\dimen176
\g__tblr_cell_wd_dim=\dimen177
\g__tblr_cell_ht_dim=\dimen178
\g__tblr_cell_head_dim=\dimen179
\g__tblr_cell_foot_dim=\dimen180
\l__column_target_dim=\dimen181
\l__tblr_caption_box=\box56
\l__tblr_caption_left_box=\box57
\l__tblr_row_head_box=\box58
\l__tblr_row_foot_box=\box59
\l__tblr_row_head_foot_dim=\dimen182
\tablewidth=\dimen183
\l__tblr_table_firsthead_box=\box60
\l__tblr_table_middlehead_box=\box61
\l__tblr_table_lasthead_box=\box62
\l__tblr_table_firstfoot_box=\box63
\l__tblr_table_middlefoot_box=\box64
\l__tblr_table_lastfoot_box=\box65
\l__tblr_remain_height_dim=\dimen184
\l__tblr_long_from_int=\count287
\l__tblr_long_to_int=\count288
\l__tblr_curr_i_int=\count289
\l__tblr_prev_i_int=\count290
\l__tblr_table_page_int=\count291
\l__tblr_table_head_box=\box66
\l__tblr_table_foot_box=\box67
\l__tblr_table_head_foot_dim=\dimen185
\l__tblr_table_head_body_foot_dim=\dimen186
\l__tblr_table_box=\box68
\l__tblr_table_hlines_box=\box69
\l__tblr_hline_box=\box70
\l__tblr_row_box=\box71
\l__tblr_col_o_wd_dim=\dimen187
\l__tblr_col_b_wd_dim=\dimen188
\l__tblr_hline_leftskip_dim=\dimen189
\l__tblr_hline_rightskip_dim=\dimen190
\l__tblr_row_ht_dim=\dimen191
\l__tblr_row_dp_dim=\dimen192
\l__tblr_row_abovesep_dim=\dimen193
\l__tblr_row_belowsep_dim=\dimen194
\l__tblr_row_vlines_box=\box72
\l__tblr_vline_box=\box73
\l__tblr_cell_box=\box74
\l__row_upper_dim=\dimen195
\l__row_lower_dim=\dimen196
\l__row_vpace_dim=\dimen197
\l__tblr_vline_aboveskip_dim=\dimen198
\l__tblr_vline_belowskip_dim=\dimen199
\l__tblr_cell_wd_dim=\dimen256
\l__tblr_cell_ht_dim=\dimen257
\l__tblr_diag_box=\box75
)
(C:\Users\gally\AppData\Local\Programs\MiKTeX\tex/latex/varwidth\varwidth.sty
Package: varwidth 2009/03/30 ver 0.92;  Variable-width minipages
\@vwid@box=\box76
\sift@deathcycles=\count292
\@vwid@loff=\dimen258
\@vwid@roff=\dimen259
)
(C:\Users\gally\AppData\Local\Programs\MiKTeX\tex/latex/enumitem\enumitem.sty
Package: enumitem 2019/06/20 v3.9 Customized lists
\labelindent=\skip63
\enit@outerparindent=\dimen260
\enit@toks=\toks18
\enit@inbox=\box77
\enit@count@id=\count293
\enitdp@description=\count294
)
(C:\Users\gally\AppData\Local\Programs\MiKTeX\tex/latex/etoolbox\etoolbox.sty
Package: etoolbox 2020/10/05 v2.5k e-TeX tools for LaTeX (JAW)
\etb@tempcnta=\count295
)
(verslag.aux)
\openout1 = `verslag.aux'.

LaTeX Font Info:    Checking defaults for OML/cmm/m/it on input line 23.
LaTeX Font Info:    ... okay on input line 23.
LaTeX Font Info:    Checking defaults for OMS/cmsy/m/n on input line 23.
LaTeX Font Info:    ... okay on input line 23.
LaTeX Font Info:    Checking defaults for OT1/cmr/m/n on input line 23.
LaTeX Font Info:    ... okay on input line 23.
LaTeX Font Info:    Checking defaults for T1/cmr/m/n on input line 23.
LaTeX Font Info:    ... okay on input line 23.
LaTeX Font Info:    Checking defaults for TS1/cmr/m/n on input line 23.
LaTeX Font Info:    ... okay on input line 23.
LaTeX Font Info:    Checking defaults for OMX/cmex/m/n on input line 23.
LaTeX Font Info:    ... okay on input line 23.
LaTeX Font Info:    Checking defaults for U/cmr/m/n on input line 23.
LaTeX Font Info:    ... okay on input line 23.

(C:\Users\gally\AppData\Local\Programs\MiKTeX\tex/context/base/mkii\supp-pdf.mk
ii
[Loading MPS to PDF converter (version 2006.09.02).]
\scratchcounter=\count296
\scratchdimen=\dimen261
\scratchbox=\box78
\nofMPsegments=\count297
\nofMParguments=\count298
\everyMPshowfont=\toks19
\MPscratchCnt=\count299
\MPscratchDim=\dimen262
\MPnumerator=\count300
\makeMPintoPDFobject=\count301
\everyMPtoPDFconversion=\toks20
)
(C:\Users\gally\AppData\Local\Programs\MiKTeX\tex/latex/epstopdf-pkg\epstopdf-b
ase.sty
Package: epstopdf-base 2020-01-24 v2.11 Base part for package epstopdf
Package epstopdf-base Info: Redefining graphics rule for `.eps' on input line 4
85.

(C:\Users\gally\AppData\Local\Programs\MiKTeX\tex/latex/00miktex\epstopdf-sys.c
fg
File: epstopdf-sys.cfg 2021/03/18 v2.0 Configuration of epstopdf for MiKTeX
))
*geometry* driver: auto-detecting
*geometry* detected driver: pdftex
*geometry* verbose mode - [ preamble ] result:
* driver: pdftex
* paper: <default>
* layout: <same size as paper>
* layoutoffset:(h,v)=(0.0pt,0.0pt)
* modes: 
* h-part:(L,W,R)=(92.14519pt, 430.00462pt, 92.14519pt)
* v-part:(T,H,B)=(95.39737pt, 556.47656pt, 143.09605pt)
* \paperwidth=614.295pt
* \paperheight=794.96999pt
* \textwidth=430.00462pt
* \textheight=556.47656pt
* \oddsidemargin=19.8752pt
* \evensidemargin=19.8752pt
* \topmargin=-13.87262pt
* \headheight=12.0pt
* \headsep=25.0pt
* \topskip=10.0pt
* \footskip=30.0pt
* \marginparwidth=65.0pt
* \marginparsep=11.0pt
* \columnsep=10.0pt
* \skip\footins=9.0pt plus 4.0pt minus 2.0pt
* \hoffset=0.0pt
* \voffset=0.0pt
* \mag=1000
* \@twocolumnfalse
* \@twosidefalse
* \@mparswitchfalse
* \@reversemarginfalse
* (1in=72.27pt=25.4mm, 1cm=28.453pt)

Package caption Info: Begin \AtBeginDocument code.
Package caption Info: End \AtBeginDocument code.

(C:\Users\gally\AppData\Local\Programs\MiKTeX\tex/latex/ninecolors\ninecolors.s
ty
Package: ninecolors 2022-02-13 vv2022D Select colors with proper color contrast


(C:\Users\gally\AppData\Local\Programs\MiKTeX\tex/latex/l3packages/xparse\xpars
e.sty
Package: xparse 2022-06-22 L3 Experimental document command parser
))
<logohr.png, id=1, 255.20343pt x 255.20343pt>
File: logohr.png Graphic file (type png)
<use logohr.png>
Package pdftex.def Info: logohr.png  used on input line 42.
(pdftex.def)             Requested size: 113.81102pt x 113.81244pt.
 [1

{C:/Users/gally/AppData/Local/MiKTeX/fonts/map/pdftex/pdftex.map} <./logohr.png
>] (verslag.toc
LaTeX Font Info:    External font `cmex10' loaded for size
(Font)              <7> on input line 12.
LaTeX Font Info:    External font `cmex10' loaded for size
(Font)              <5> on input line 12.
)
\tf@toc=\write3
\openout3 = `verslag.toc'.

 [1] [2] [3]

LaTeX Warning: Citation `RijnensupervisorsynthesisLock' on page 4 undefined on 
input line 130.


LaTeX Warning: Citation `inriaStatsMoodCheck' on page 4 undefined on input line
 144.


LaTeX Warning: Citation `buddeModelChecker' on page 4 undefined on input line 1
45.


LaTeX Warning: Citation `inriaStatsMoodCheck' on page 4 undefined on input line
 150.

[4]

LaTeX Warning: Citation `bicker21102016automatiseringsparadox' on page 5 undefi
ned on input line 158.


LaTeX Warning: Citation `vseautoparadox' on page 5 undefined on input line 159.



LaTeX Warning: Citation `blogxot21112016slimapparaat' on page 5 undefined on in
put line 160.


LaTeX Warning: Citation `ImplementabilityOf4VarSCP2015' on page 5 undefined on 
input line 169.


LaTeX Warning: Citation `jacksonworldmachine' on page 5 undefined on input line
 207.

[5]

LaTeX Warning: Citation `jonkerTreurKlush200informativeAgents' on page 6 undefi
ned on input line 248.


LaTeX Warning: Citation `boehmBoseLeeRequirementsNegotiations' on page 6 undefi
ned on input line 249.


LaTeX Warning: Citation `muHungJinLiu2013inconsistencyReqs' on page 6 undefined
 on input line 250.


LaTeX Warning: Citation `hunterNuseibeh1996manageSpecs' on page 6 undefined on 
input line 251.


LaTeX Warning: Citation `zavePamela4darkCorners' on page 6 undefined on input l
ine 253.


LaTeX Warning: Citation `zavePAmela1997regEngineering' on page 6 undefined on i
nput line 254.

[6]

LaTeX Warning: Citation `fvaandrager2322010Goodmodel' on page 7 undefined on in
put line 272.


LaTeX Warning: Citation `onix01102022devopmodel' on page 7 undefined on input l
ine 273.


LaTeX Warning: Citation `sulemani04012021softwareprocesmodel' on page 7 undefin
ed on input line 274.


LaTeX Warning: Citation `globalluxsoft18102017softdev' on page 7 undefined on i
nput line 275.


LaTeX Warning: Citation `wiegers30052022SRS' on page 7 undefined on input line 
276.


LaTeX Warning: Citation `muller06092020goodspecification' on page 7 undefined o
n input line 277.


LaTeX Warning: Citation `informit30062008reqmanagement' on page 7 undefined on 
input line 278.


LaTeX Warning: Citation `altexsoft15092020writingSRS' on page 7 undefined on in
put line 279.


LaTeX Warning: Citation `rijkSluisdef' on page 7 undefined on input line 283.


LaTeX Warning: Citation `woudagemaalSluizen' on page 7 undefined on input line 
285.


LaTeX Warning: Citation `bardetsluizenAmsterdam' on page 7 undefined on input l
ine 286.


LaTeX Warning: Citation `historischesluizen' on page 7 undefined on input line 
287.


LaTeX Warning: File `stroomschema_sluispassage.png' not found on input line 291
.


! Package pdftex.def Error: File `stroomschema_sluispassage.png' not found: usi
ng draft setting.

See the pdftex.def package documentation for explanation.
Type  H <return>  for immediate help.
 ...                                              
                                                  
l.291 ...idth=10cm]{stroomschema_sluispassage.png}
                                                   % also works with logo.pdf
Try typing  <return>  to proceed.
If that doesn't work, type  X <return>  to quit.


LaTeX Warning: Citation `rijksoverheidSluizen' on page 7 undefined on input lin
e 298.


LaTeX Warning: Citation `rijksoverheidSluisStroomschema' on page 7 undefined on
 input line 299.

[7]

! LaTeX Error: There's no line here to end.

See the LaTeX manual or LaTeX Companion for explanation.
Type  H <return>  for immediate help.
 ...                                              
                                                  
l.311 	\newline
                \indent Voor deze studie is onderzoek gedaan naar verschille...

Your command was ignored.
Type  I <command> <return>  to replace it with another command,
or  <return>  to continue without it.


! LaTeX Error: There's no line here to end.

See the LaTeX manual or LaTeX Companion for explanation.
Type  H <return>  for immediate help.
 ...                                              
                                                  
l.399 	\newline
                \indent
Your command was ignored.
Type  I <command> <return>  to replace it with another command,
or  <return>  to continue without it.


LaTeX Warning: Citation `levesonTurnerTheracAbstract' on page 8 undefined on in
put line 541.


LaTeX Warning: Citation `stackexchange2021therac25code' on page 8 undefined on 
input line 559.


LaTeX Warning: Citation `rogaway2004therac25' on page 8 undefined on input line
 560.


LaTeX Warning: Citation `wikiTherac25' on page 8 undefined on input line 561.


LaTeX Warning: Citation `lynch2017theracRaceConditions' on page 8 undefined on 
input line 562.


LaTeX Warning: Citation `lim1998theracdisaster' on page 8 undefined on input li
ne 562.


LaTeX Warning: Citation `fabio26102015therac25' on page 8 undefined on input li
ne 563.


LaTeX Warning: Citation `ethicsunwrappedTherac25' on page 8 undefined on input 
line 563.


LaTeX Warning: Citation `casesHistoryTherac25' on page 8 undefined on input lin
e 563.


LaTeX Warning: Citation `caballero2019Therac25' on page 8 undefined on input li
ne 563.


LaTeX Warning: Citation `rose1994theracFatalDose' on page 8 undefined on input 
line 563.


LaTeX Warning: Citation `levesonMITTherac25' on page 8 undefined on input line 
563.


LaTeX Warning: Citation `grant1978theracevaluation' on page 8 undefined on inpu
t line 564.


LaTeX Warning: Citation `turnerTheracAccidentsInvestigations' on page 8 undefin
ed on input line 564.


LaTeX Warning: Citation `turner1993TheracAccidentsInvestigations' on page 8 und
efined on input line 564.


LaTeX Warning: Citation `wang2017industrialdesignengineering' on page 8 undefin
ed on input line 564.


LaTeX Warning: Citation `levesonturner1993theracpart2' on page 8 undefined on i
nput line 564.


LaTeX Warning: Citation `porelloTheraccFailure' on page 8 undefined on input li
ne 564.


LaTeX Warning: Citation `theracIncidents' on page 8 undefined on input line 564
.


LaTeX Warning: Citation `huffbrown2004casestudyethicatherac' on page 8 undefine
d on input line 565.


LaTeX Warning: Citation `sebowikimedicalradiation' on page 8 undefined on input
 line 566.


LaTeX Warning: Citation `hsia1995testtherac25' on page 8 undefined on input lin
e 566.


LaTeX Warning: Citation `magsilvaTheracTesting' on page 8 undefined on input li
ne 566.


LaTeX Warning: Citation `chemeuropetherac25' on page 8 undefined on input line 
567.


LaTeX Warning: Citation `statsenko10102016Therackillerbug' on page 8 undefined 
on input line 567.


LaTeX Warning: Citation `therac25casestudy' on page 8 undefined on input line 5
67.


LaTeX Warning: Citation `thomas1994theracinLotos' on page 8 undefined on input 
line 567.


LaTeX Warning: Citation `wikibookstherac' on page 8 undefined on input line 567
.


LaTeX Warning: Citation `bozdagTherac25' on page 8 undefined on input line 568.



LaTeX Warning: Citation `levesonTurnerTheracAbstract' on page 8 undefined on in
put line 568.


LaTeX Warning: Citation `stackexchange2021therac25code' on page 8 undefined on 
input line 568.

[8]

! LaTeX Error: There's no line here to end.

See the LaTeX manual or LaTeX Companion for explanation.
Type  H <return>  for immediate help.
 ...                                              
                                                  
l.577 	\newline
                \indent  Op  10/03/2019 2019 stort vlucht ET302 van Ethiopia...

Your command was ignored.
Type  I <command> <return>  to replace it with another command,
or  <return>  to continue without it.


LaTeX Warning: Citation `gates18112020boeingcrisis' on page 9 undefined on inpu
t line 577.


LaTeX Warning: Citation `boeing737maxsoftwareprobles' on page 9 undefined on in
put line 578.


LaTeX Warning: Citation `avetisov19032019boeingmalwarestate' on page 9 undefine
d on input line 578.


LaTeX Warning: Citation `thompson23112020nationalsecurityboeing' on page 9 unde
fined on input line 578.


LaTeX Warning: Citation `wiki737maxgroundings' on page 9 undefined on input lin
e 579.


LaTeX Warning: Citation `campbell02052019boengcrashhumanerrors' on page 9 undef
ined on input line 579.


LaTeX Warning: Citation `uran05042019SPOF' on page 9 undefined on input line 58
4.


LaTeX Warning: Citation `boeing737maxdisplay' on page 9 undefined on input line
 585.


LaTeX Warning: Citation `fehrm24112020737changes' on page 9 undefined on input 
line 586.


LaTeX Warning: Citation `dohertylindeman15032019737problems' on page 9 undefine
d on input line 586.


LaTeX Warning: Citation `travis18042019737maxsoftwaredevop' on page 9 undefined
 on input line 587.


LaTeX Warning: Citation `hawkins22032019737maxairplanes' on page 9 undefined on
 input line 588.


LaTeX Warning: Citation `barnett05052019737maxcrisis' on page 9 undefined on in
put line 588.


LaTeX Warning: Citation `thomas30082020737safest' on page 9 undefined on input 
line 588.


LaTeX Warning: Citation `boyle18112020737maxupgrade' on page 9 undefined on inp
ut line 588.


LaTeX Warning: Citation `bergstraburgess122019737maxMcasAlgorithm' on page 9 un
defined on input line 588.


LaTeX Warning: Citation `737mcas' on page 9 undefined on input line 588.


LaTeX Warning: Citation `german190620217372yaftergrounded' on page 9 undefined 
on input line 588.


LaTeX Warning: Citation `beningo02052019boeinglessons' on page 9 undefined on i
nput line 588.


LaTeX Warning: Citation `bloomberg26092019failedpred' on page 9 undefined on in
put line 588.


LaTeX Warning: Citation `afacwaLostSafeguards' on page 9 undefined on input lin
e 588.


LaTeX Warning: Citation `gates18112020boeingcrisis' on page 9 undefined on inpu
t line 611.


LaTeX Warning: Citation `boeing737maxsoftwareprobles' on page 9 undefined on in
put line 612.


LaTeX Warning: Citation `avetisov19032019boeingmalwarestate' on page 9 undefine
d on input line 613.


LaTeX Warning: Citation `thompson23112020nationalsecurityboeing' on page 9 unde
fined on input line 614.


LaTeX Warning: Citation `gates21032019FAAControlSystem' on page 9 undefined on 
input line 615.


LaTeX Warning: Citation `faa18112020boeingreview' on page 9 undefined on input 
line 616.


LaTeX Warning: Citation `wiki737maxgroundings' on page 9 undefined on input lin
e 617.


LaTeX Warning: Citation `campbell02052019boengcrashhumanerrors' on page 9 undef
ined on input line 618.


LaTeX Warning: Citation `hawkins22032019737maxairplanes' on page 9 undefined on
 input line 619.


LaTeX Warning: Citation `thomas30082020737safest' on page 9 undefined on input 
line 620.


LaTeX Warning: Citation `boeing737maxdisplay' on page 9 undefined on input line
 621.


LaTeX Warning: Citation `fehrm24112020737changes' on page 9 undefined on input 
line 622.


LaTeX Warning: Citation `travis18042019737maxsoftwaredevop' on page 9 undefined
 on input line 623.


LaTeX Warning: Citation `barnett05052019737maxcrisis' on page 9 undefined on in
put line 624.


LaTeX Warning: Citation `easa27012021737maxsafereturn' on page 9 undefined on i
nput line 625.


LaTeX Warning: Citation `touitou11032019737tragedies' on page 9 undefined on in
put line 626.


LaTeX Warning: Citation `hemmerdinger02022021737maxdeliveries' on page 9 undefi
ned on input line 627.


LaTeX Warning: Citation `bielby27022021faaimprovesafety' on page 9 undefined on
 input line 628.


LaTeX Warning: Citation `boyle18112020737maxupgrade' on page 9 undefined on inp
ut line 629.


LaTeX Warning: Citation `bergstraburgess122019737maxMcasAlgorithm' on page 9 un
defined on input line 630.


LaTeX Warning: Citation `737mcas' on page 9 undefined on input line 631.


LaTeX Warning: Citation `newburger17052019boeingcrisis' on page 9 undefined on 
input line 632.


LaTeX Warning: Citation `arstechnica22012020737problems' on page 9 undefined on
 input line 633.


LaTeX Warning: Citation `german190620217372yaftergrounded' on page 9 undefined 
on input line 634.


LaTeX Warning: Citation `beningo02052019boeinglessons' on page 9 undefined on i
nput line 635.


LaTeX Warning: Citation `duran05042019boeingspof' on page 9 undefined on input 
line 636.


LaTeX Warning: Citation `makichuck24012021737fearflying' on page 9 undefined on
 input line 637.


LaTeX Warning: Citation `caa737modifications' on page 9 undefined on input line
 638.


LaTeX Warning: Citation `oestergaard14122020boeingdeliveries' on page 9 undefin
ed on input line 639.


LaTeX Warning: Citation `reenberg787flaws' on page 9 undefined on input line 64
0.


LaTeX Warning: Citation `fitch16092020737backlogrisks' on page 9 undefined on i
nput line 641.


LaTeX Warning: Citation `willis27082020737maxfailures' on page 9 undefined on i
nput line 642.


LaTeX Warning: Citation `ostrower11062020more737changes' on page 9 undefined on
 input line 643.


LaTeX Warning: Citation `hruska13122019faaknown737crashrate' on page 9 undefine
d on input line 644.


LaTeX Warning: Citation `bloomberg26092019failedpred' on page 9 undefined on in
put line 645.


LaTeX Warning: Citation `whiteman09072020boengcancelstock' on page 9 undefined 
on input line 646.


LaTeX Warning: Citation `leopold09192019boeingreliability' on page 9 undefined 
on input line 647.


LaTeX Warning: Citation `koenig11122019737crashesnofix' on page 9 undefined on 
input line 648.


LaTeX Warning: Citation `dohertylindeman15032019737problems' on page 9 undefine
d on input line 649.


LaTeX Warning: Citation `stodder02102019corruptoversight' on page 9 undefined o
n input line 650.


LaTeX Warning: Citation `afacwaLostSafeguards' on page 9 undefined on input lin
e 651.


LaTeX Warning: Citation `swayne18032019profitssafety' on page 9 undefined on in
put line 652.


LaTeX Warning: Citation `freed26022021liftaustraliaban' on page 9 undefined on 
input line 653.


LaTeX Warning: Citation `reed15032019softwareattention' on page 9 undefined on 
input line 654.


LaTeX Warning: Citation `news17032019softwareexplains' on page 9 undefined on i
nput line 655.


LaTeX Warning: Citation `legget21122020eu737maxsafe' on page 9 undefined on inp
ut line 656.


LaTeX Warning: Citation `marketscreener0103221737chinarecertification' on page 
9 undefined on input line 657.


LaTeX Warning: Citation `euractiv22022021737firegrounds' on page 9 undefined on
 input line 658.


LaTeX Warning: Citation `benny18022019737returnUAE' on page 9 undefined on inpu
t line 659.


LaTeX Warning: Citation `biersmichel22022021777grounds' on page 9 undefined on 
input line 660.


LaTeX Warning: Citation `reuters23022021777metalfatigue' on page 9 undefined on
 input line 661.


LaTeX Warning: Citation `pinghuang2410201TanjinFactreport' on page 9 undefined 
on input line 679.


LaTeX Warning: Citation `portoTanjinExplosionSight' on page 9 undefined on inpu
t line 679.


LaTeX Warning: Citation `imago17082015TanjinApartmentImages' on page 9 undefine
d on input line 679.


LaTeX Warning: Citation `trager14082015Chemicalblast' on page 9 undefined on in
put line 679.


LaTeX Warning: Citation `pangeramo27082015TanjinExplosion' on page 9 undefined 
on input line 679.


LaTeX Warning: Citation `ap06082020ammaniumnitrate' on page 9 undefined on inpu
t line 679.


LaTeX Warning: Citation `morris14082015TanjinIndustryImpact' on page 9 undefine
d on input line 679.


LaTeX Warning: Citation `milesyu20082015exposingtoxicgovlines' on page 9 undefi
ned on input line 679.


LaTeX Warning: Citation `artemis30032016tanjininsurance' on page 9 undefined on
 input line 679.


LaTeX Warning: Citation `aidenxiatanjinblast' on page 9 undefined on input line
 679.


LaTeX Warning: Citation `danwangTanjinflexreport' on page 9 undefined on input 
line 679.


LaTeX Warning: Citation `keyHighlightsTanjin' on page 9 undefined on input line
 679.


LaTeX Warning: Citation `hartley13082015videofootage' on page 9 undefined on in
put line 679.


LaTeX Warning: Citation `odonnel01062017firetanjinblast2015' on page 9 undefine
d on input line 679.


LaTeX Warning: Citation `fan15082015newyorkermistrustchina' on page 9 undefined
 on input line 679.


LaTeX Warning: Citation `yanlidongchinamediaframingTanjin' on page 9 undefined 
on input line 679.


LaTeX Warning: Citation `evans27092017TnjinInsurance' on page 9 undefined on in
put line 679.


LaTeX Warning: Citation `jasi26032019chineschemplant' on page 9 undefined on in
put line 679.


LaTeX Warning: Citation `shiqingTanjinExecutiveSentence' on page 9 undefined on
 input line 679.


LaTeX Warning: Citation `sophiebeach15082015' on page 9 undefined on input line
 679.


LaTeX Warning: Citation `hamzeh05082020BeirutBlast' on page 9 undefined on inpu
t line 679.


LaTeX Warning: Citation `chemwatch18082015TanjiinExplosion' on page 9 undefined
 on input line 679.


LaTeX Warning: Citation `thehindu15062019chinaExplosion' on page 9 undefined on
 input line 679.


LaTeX Warning: Citation `santagotimes24032019chinablast' on page 9 undefined on
 input line 679.


LaTeX Warning: Citation `klingecorp28042020causedTanjin' on page 9 undefined on
 input line 679.


LaTeX Warning: Citation `mcgarryExplosions2017' on page 9 undefined on input li
ne 679.


LaTeX Warning: Citation `roswnfeld13082015TanjinReports' on page 9 undefined on
 input line 679.


LaTeX Warning: Citation `aria12082015explosionaTanjin' on page 9 undefined on i
nput line 679.


LaTeX Warning: Citation `tremblay11022016chineseInvestigatorsTanjin' on page 9 
undefined on input line 679.


LaTeX Warning: Citation `taylor13082015TanjinExplosianAftermath' on page 9 unde
fined on input line 679.


LaTeX Warning: Citation `associatedPresss13082013' on page 9 undefined on input
 line 679.


LaTeX Warning: Citation `un20082015InvestigationTanjin' on page 9 undefined on 
input line 679.


LaTeX Warning: Citation `france2412082015TnjinExplosion' on page 9 undefined on
 input line 679.


LaTeX Warning: Citation `npr14082015TanjinCause' on page 9 undefined on input l
ine 679.


LaTeX Warning: Citation `bbc05022016TanjinResponsibles' on page 9 undefined on 
input line 679.


LaTeX Warning: Citation `CBodeen15082015TanjinExplosion' on page 9 undefined on
 input line 679.


LaTeX Warning: Citation `reutersTanjinInsurance' on page 9 undefined on input l
ine 679.


LaTeX Warning: Citation `yu082016evaluationTanjin2015' on page 9 undefined on i
nput line 679.


LaTeX Warning: Citation `wiki2015TanjinExplosions' on page 9 undefined on input
 line 679.


LaTeX Warning: Citation `bbc17082015whathappenedTanjin' on page 9 undefined on 
input line 679.


LaTeX Warning: Citation `mortimer19082016taijinexplosioncrater' on page 9 undef
ined on input line 679.


LaTeX Warning: Citation `internationallabourofficeChmControlTooliit' on page 9 
undefined on input line 679.


LaTeX Warning: Citation `euTaxationCustomsICSC' on page 9 undefined on input li
ne 679.


LaTeX Warning: Citation `iloWHOChemSafetyCards' on page 9 undefined on input li
ne 680.


Overfull \hbox (174.17477pt too wide) in paragraph at lines 674--681
\OT1/cmss/m/n/10 .[[]],[[]],[[]],[[]],[[]],[[]],[[]],[[]],[[]],[[]],[[]],[[]],[
[]],[[]],[[]],[[]],[[]],[[]],[[]],[[]],[[]],[[]],[[]],[[]],[[]],[[]],[[]],[[]],
[[]],[[]],[[]],[[]],[[]],[[]],[[]],[[]],[[]],[[]],[[]],[[]],[[]],[[]],[[]],
 []

[9]

! LaTeX Error: There's no line here to end.

See the LaTeX manual or LaTeX Companion for explanation.
Type  H <return>  for immediate help.
 ...                                              
                                                  
l.681 	\paragraph{Datum en Plaats} 	\newline
                                             \indent
Your command was ignored.
Type  I <command> <return>  to replace it with another command,
or  <return>  to continue without it.


LaTeX Warning: Citation `bnnvara13062018malirapport' on page 10 undefined on in
put line 962.


LaTeX Warning: Citation `eucal11012021malimissieverlengd' on page 10 undefined 
on input line 963.


LaTeX Warning: Citation `nos21052014zorgenmalimissie' on page 10 undefined on i
nput line 964.


LaTeX Warning: Citation `meijnders' on page 10 undefined on input line 965.


LaTeX Warning: Citation `bnrwebredactie' on page 10 undefined on input line 966
.


LaTeX Warning: Citation `keultjes01062016malimissiecoalitie' on page 10 undefin
ed on input line 967.


LaTeX Warning: Citation `veenhof18012019' on page 10 undefined on input line 96
8.


LaTeX Warning: Citation `isitman06012016militair' on page 10 undefined on input
 line 969.


LaTeX Warning: Citation `nporadio11072016filmdemissie' on page 10 undefined on 
input line 970.


LaTeX Warning: Citation `parlementairmonitor15122013mortierongeluk' on page 10 
undefined on input line 971.


! LaTeX Error: There's no line here to end.

See the LaTeX manual or LaTeX Companion for explanation.
Type  H <return>  for immediate help.
 ...                                              
                                                  
l.985 	\newline
                \indent Het mortierongeluk in Mali op 06/04/2016.
Your command was ignored.
Type  I <command> <return>  to replace it with another command,
or  <return>  to continue without it.

[10]

LaTeX Warning: Citation `schipholbrand27102005video' on page 11 undefined on in
put line 1018.


LaTeX Warning: Citation `schipholbrand27102005video' on page 11 undefined on in
put line 1018.


LaTeX Warning: Citation `onderzoeksraad2610schipholoost' on page 11 undefined o
n input line 1018.


LaTeX Warning: Citation `schipholbrandvideoargos' on page 11 undefined on input
 line 1019.


LaTeX Warning: Citation `nunl30052023feitenoverzicht' on page 11 undefined on i
nput line 1019.


LaTeX Warning: Citation `parlementairemonitorschipholbrand' on page 11 undefine
d on input line 1019.


LaTeX Warning: Citation `videonpoNOVA13112008' on page 11 undefined on input li
ne 1019.


LaTeX Warning: Citation `rizoomes01052014schipholbrand' on page 11 undefined on
 input line 1019.


LaTeX Warning: Citation `heuvelkroesschipholbrandcamerabeelden' on page 11 unde
fined on input line 1019.


LaTeX Warning: Citation `wikiSchipholbrand' on page 11 undefined on input line 
1020.


LaTeX Warning: Citation `schipholbrand27102005video' on page 11 undefined on in
put line 1020.


LaTeX Warning: Citation `onderzoeksraad2610schipholoost' on page 11 undefined o
n input line 1020.


LaTeX Warning: Citation `schipholbrandvideoargos' on page 11 undefined on input
 line 1020.


LaTeX Warning: Citation `nunl30052023feitenoverzicht' on page 11 undefined on i
nput line 1020.


LaTeX Warning: Citation `singeluitgeverijenSchipholbrand' on page 11 undefined 
on input line 1020.


LaTeX Warning: Citation `eenvandaagschipholbrand' on page 11 undefined on input
 line 1020.


LaTeX Warning: Citation `parlementairemonitorschipholbrand' on page 11 undefine
d on input line 1020.


LaTeX Warning: Citation `videonpoNOVA13112008' on page 11 undefined on input li
ne 1021.


LaTeX Warning: Citation `rizoomes01052014schipholbrand' on page 11 undefined on
 input line 1021.


LaTeX Warning: Citation `heuvelkroesschipholbrandcamerabeelden' on page 11 unde
fined on input line 1021.


Underfull \hbox (badness 10000) in paragraph at lines 1017--1022

 []


! LaTeX Error: There's no line here to end.

See the LaTeX manual or LaTeX Companion for explanation.
Type  H <return>  for immediate help.
 ...                                              
                                                  
l.1025 	\newline
                 \indent
Your command was ignored.
Type  I <command> <return>  to replace it with another command,
or  <return>  to continue without it.

[11]

LaTeX Warning: Citation `aviationsafety04101992airplaneCrashBijlmer' on page 12
 undefined on input line 1165.


LaTeX Warning: Citation `catsr25022009Boeing737AmsterdamCrash' on page 12 undef
ined on input line 1166.


LaTeX Warning: Citation `BijlmerrampWiki' on page 12 undefined on input line 11
67.


LaTeX Warning: Citation `ElAlFlight1862' on page 12 undefined on input line 116
8.


LaTeX Warning: Citation `bijlmerReconstruction' on page 12 undefined on input l
ine 1169.


LaTeX Warning: Citation `bijlmer5' on page 12 undefined on input line 1170.


LaTeX Warning: Citation `dataReconstruct' on page 12 undefined on input line 11
71.


LaTeX Warning: Citation `dataReconstructBijlmermeerairplane1992' on page 12 und
efined on input line 1172.


LaTeX Warning: Citation `dataReconstructBijlmermeerairplane' on page 12 undefin
ed on input line 1173.


LaTeX Warning: Citation `dataReconstructBijlmermeerairplaneSimul' on page 12 un
defined on input line 1174.


LaTeX Warning: Citation `smailiDataReconstruction' on page 12 undefined on inpu
t line 1175.


LaTeX Warning: Citation `smailiDataReconstructionBijlmer' on page 12 undefined 
on input line 1176.


LaTeX Warning: Citation `pilotedSimulator' on page 12 undefined on input line 1
177.


LaTeX Warning: Citation `accidentReport' on page 12 undefined on input line 117
8.


! LaTeX Error: There's no line here to end.

See the LaTeX manual or LaTeX Companion for explanation.
Type  H <return>  for immediate help.
 ...                                              
                                                  
l.1184 	\newline
                 \indent  Op woensdag 25 februar 2009 voltrok zich de  ramp ...

Your command was ignored.
Type  I <command> <return>  to replace it with another command,
or  <return>  to continue without it.


LaTeX Warning: Citation `zuilen23022019Tijdlijnpoldercrash' on page 12 undefine
d on input line 1188.


LaTeX Warning: Citation `wikinews04032009techfoutailines1951' on page 12 undefi
ned on input line 1189.


LaTeX Warning: Citation `luchtvaartnieuws21012020boeing737conclusies' on page 1
2 undefined on input line 1190.


LaTeX Warning: Citation `adformatie280220209communicatiegebreken' on page 12 un
defined on input line 1191.


LaTeX Warning: Citation `spinnael25022009onderzoekpolderbaancrash' on page 12 u
ndefined on input line 1192.


LaTeX Warning: Citation `crashTurkishAirlines' on page 12 undefined on input li
ne 1193.


LaTeX Warning: Citation `flightradar24' on page 12 undefined on input line 1194
.


LaTeX Warning: Citation `flightstatstracker' on page 12 undefined on input line
 1195.


! LaTeX Error: There's no line here to end.

See the LaTeX manual or LaTeX Companion for explanation.
Type  H <return>  for immediate help.
 ...                                              
                                                  
l.1203 	\newline
                 \indent
Your command was ignored.
Type  I <command> <return>  to replace it with another command,
or  <return>  to continue without it.


LaTeX Warning: Citation `espnSLMterugblik' on page 12 undefined on input line 1
207.


LaTeX Warning: Citation `dennisRosier01052020' on page 12 undefined on input li
ne 1207.


LaTeX Warning: Citation `hassing07062020slmramp' on page 12 undefined on input 
line 1208.


LaTeX Warning: Citation `amsterdamArchiefSLM' on page 12 undefined on input lin
e 1208.


LaTeX Warning: Citation `rtvOost06062019nabestaande' on page 12 undefined on in
put line 1208.


LaTeX Warning: Citation `breda07062021AndroSnel' on page 12 undefined on input 
line 1209.


LaTeX Warning: Citation `andereTijdenSLMCrash' on page 12 undefined on input li
ne 1209.


LaTeX Warning: Citation `aviationReport' on page 12 undefined on input line 121
0.


LaTeX Warning: Citation `aviationSLMCrashAccidentInvestigation' on page 12 unde
fined on input line 1210.


LaTeX Warning: Citation `mcDonnelDouglasCommissionReportSLMCrash' on page 12 un
defined on input line 1210.


LaTeX Warning: Citation `wikiSRFlight764' on page 12 undefined on input line 12
11.


LaTeX Warning: Citation `nos07062019SLMTerugblik' on page 12 undefined on input
 line 1211.


LaTeX Warning: Citation `dagvantoenSLMCrash' on page 12 undefined on input line
 1211.


LaTeX Warning: Citation `waterkantNesty07061989' on page 12 undefined on input 
line 1211.


LaTeX Warning: Citation `eduNandlalSRCrash' on page 12 undefined on input line 
1211.


LaTeX Warning: Citation `oldjetsSRAirways' on page 12 undefined on input line 1
211.


LaTeX Warning: Citation `cloudberg02012021srflight764' on page 12 undefined on 
input line 1211.


LaTeX Warning: Citation `apnews07061989srplanecrash' on page 12 undefined on in
put line 1211.

[12]

LaTeX Warning: Citation `INSAVienna1992Chernobyl' on page 13 undefined on input
 line 1217.


! LaTeX Error: There's no line here to end.

See the LaTeX manual or LaTeX Companion for explanation.
Type  H <return>  for immediate help.
 ...                                              
                                                  
l.1219 	\newline
                 \indent
Your command was ignored.
Type  I <command> <return>  to replace it with another command,
or  <return>  to continue without it.


LaTeX Warning: Citation `rivmTjernobyl' on page 13 undefined on input line 1225
.


LaTeX Warning: Citation `andereTijdenTjernobyl' on page 13 undefined on input l
ine 1226.


LaTeX Warning: Citation `kingskey19042022tjernobyl' on page 13 undefined on inp
ut line 1227.


LaTeX Warning: Citation `erikbork26042023reactor4' on page 13 undefined on inpu
t line 1228.


LaTeX Warning: Citation `nosTjernobyl30jaarlater' on page 13 undefined on input
 line 1229.


LaTeX Warning: Citation `verschuur14012013tjernobylreports' on page 13 undefine
d on input line 1321.


LaTeX Warning: Citation `paperlessarchivesTjernobyl' on page 13 undefined on in
put line 1322.


LaTeX Warning: Citation `vargos082000tjernobylconcerns' on page 13 undefined on
 input line 1323.


LaTeX Warning: Citation `mauroNuclearRiskSociety' on page 13 undefined on input
 line 1324.


LaTeX Warning: Citation `vienna06092005LookingBack' on page 13 undefined on inp
ut line 1325.


LaTeX Warning: Citation `wikiTjernobyl' on page 13 undefined on input line 1326
.


LaTeX Warning: Citation `rivmTjernobyl' on page 13 undefined on input line 1327
.


LaTeX Warning: Citation `andereTijdenTjernobyl' on page 13 undefined on input l
ine 1328.


LaTeX Warning: Citation `kingskey19042022tjernobyl' on page 13 undefined on inp
ut line 1329.


LaTeX Warning: Citation `erikbork26042023reactor4' on page 13 undefined on inpu
t line 1330.


LaTeX Warning: Citation `knmi04052021tjernobylbosbrand' on page 13 undefined on
 input line 1332.


LaTeX Warning: Citation `dodonovaKVIRisicoTjernobyl' on page 13 undefined on in
put line 1333.


LaTeX Warning: Citation `dumarey04062020verhaalTjernobylWaarheid' on page 13 un
defined on input line 1334.


LaTeX Warning: Citation `sparkesNewScientistTjernoby' on page 13 undefined on i
nput line 1335.


LaTeX Warning: Citation `kernenergiened26041986chronologiemaatregelen' on page 
13 undefined on input line 1336.


LaTeX Warning: Citation `mapszoneReactor' on page 13 undefined on input line 13
37.


LaTeX Warning: Citation `kernhistoriek15062021tjernobyl' on page 13 undefined o
n input line 1338.


LaTeX Warning: Citation `nucleairforumFeitenTjernobyl' on page 13 undefined on 
input line 1339.


LaTeX Warning: Citation `kernongevalTjernobylFancGov' on page 13 undefined on i
nput line 1340.


LaTeX Warning: Citation `arendswolters062019lessenTjernobyl' on page 13 undefin
ed on input line 1341.


LaTeX Warning: Citation `damveld08052020tjernobyl' on page 13 undefined on inpu
t line 1341.


LaTeX Warning: Citation `deVriestjernobylHolland' on page 13 undefined on input
 line 1342.


LaTeX Warning: Citation `ing3enieur29042015antistralingskoepel' on page 13 unde
fined on input line 1342.


LaTeX Warning: Citation `verschuur14012013tjernobylreports' on page 13 undefine
d on input line 1343.


LaTeX Warning: Citation `paperlessarchivesTjernobyl' on page 13 undefined on in
put line 1343.


LaTeX Warning: Citation `vargos082000tjernobylconcerns' on page 13 undefined on
 input line 1343.


LaTeX Warning: Citation `mauroNuclearRiskSociety' on page 13 undefined on input
 line 1343.


LaTeX Warning: Citation `vienna06092005LookingBack' on page 13 undefined on inp
ut line 1343.


LaTeX Warning: Citation `winceckCriticalToSafety' on page 13 undefined on input
 line 1503.


LaTeX Warning: Citation `chambersHazardAnalysisSCS' on page 13 undefined on inp
ut line 1507.

[13]

LaTeX Warning: Citation `rslater1998SCSAnalysis' on page 14 undefined on input 
line 1519.


LaTeX Warning: Citation `fulvio1993safetycriticalsystems' on page 14 undefined 
on input line 1553.


LaTeX Warning: Citation `dlrtabid' on page 14 undefined on input line 1554.


LaTeX Warning: Citation `knight2010SafetyCritical' on page 14 undefined on inpu
t line 1555.


LaTeX Warning: Citation `creavisafecritical' on page 14 undefined on input line
 1556.


LaTeX Warning: Citation `valdes2018SafetybyAutomation' on page 14 undefined on 
input line 1557.


LaTeX Warning: Citation `2015whensafetymanagementsystemsfail' on page 14 undefi
ned on input line 1558.


LaTeX Warning: Citation `CivilEngineeringDivision' on page 14 undefined on inpu
t line 1578.

! Undefined control sequence.
l.1582 	\setion
               {Modellen}
The control sequence at the end of the top line
of your error message was never \def'ed. If you have
misspelled it (e.g., `\hobx'), type `I' and the correct
spelling (e.g., `I\hbox'). Otherwise just continue,
and I'll forget about whatever was undefined.


! LaTeX Error: Unicode character ∈ (U+2208)
               not set up for use with LaTeX.

See the LaTeX manual or LaTeX Companion for explanation.
Type  H <return>  for immediate help.
 ...                                              
                                                  
l.1592 	[b, e] met ondergrens b ∈
                                    Tijd en bovengrens e ∈ Tijd waar
You may provide a definition with
\DeclareUnicodeCharacter 


! LaTeX Error: Unicode character ∈ (U+2208)
               not set up for use with LaTeX.

See the LaTeX manual or LaTeX Companion for explanation.
Type  H <return>  for immediate help.
 ...                                              
                                                  
l.1592 ...ndergrens b ∈ Tijd en bovengrens e ∈
                                                   Tijd waar
You may provide a definition with
\DeclareUnicodeCharacter 


! LaTeX Error: Unicode character ≤ (U+2264)
               not set up for use with LaTeX.

See the LaTeX manual or LaTeX Companion for explanation.
Type  H <return>  for immediate help.
 ...                                              
                                                  
l.1593 	b ≤
              e. Bijvoorbeeld wanneer een voetganger bij een stoplicht duwt
You may provide a definition with
\DeclareUnicodeCharacter 

! Missing $ inserted.
<inserted text> 
                $
l.1603 ...{}$ (P(t1) $\rightarrow$ $\exists$t2 \in
                                                   [t1 + 10, t1 + 15] $\dot{...
I've inserted a begin-math/end-math symbol since I think
you left one out. Proceed, with fingers crossed.

! Missing $ inserted.
<inserted text> 
                $
l.1603 ...$\exists$t2 \in [t1 + 10, t1 + 15] $\dot
                                                  {}$ G(t2 ))
I've inserted a begin-math/end-math symbol since I think
you left one out. Proceed, with fingers crossed.

! Display math should end with $$.
<to be read again> 
                   \forall 
l.1626 	$\forall
                $ b,e $\in$ Tijd $\bullet$ A(b,e) =\int_b^{e}C(t)\,\mathrm{d...
The `$' that I just saw supposedly matches a previous `$$'.
So I shall assume that you typed `$$' both times.

! Missing $ inserted.
<inserted text> 
                $
l.1626 	$\forall
                $ b,e $\in$ Tijd $\bullet$ A(b,e) =\int_b^{e}C(t)\,\mathrm{d...
I've inserted a begin-math/end-math symbol since I think
you left one out. Proceed, with fingers crossed.

! Missing $ inserted.
<inserted text> 
                $
l.1626 ...l$ b,e $\in$ Tijd $\bullet$ A(b,e) =\int
                                                  _b^{e}C(t)\,\mathrm{d}t $\...
I've inserted a begin-math/end-math symbol since I think
you left one out. Proceed, with fingers crossed.

! Missing $ inserted.
<inserted text> 
                $
l.1626 ...(b,e) =\int_b^{e}C(t)\,\mathrm{d}t $\leq
                                                  $ u(b,e )
I've inserted a begin-math/end-math symbol since I think
you left one out. Proceed, with fingers crossed.


! LaTeX Error: Bad math environment delimiter.

See the LaTeX manual or LaTeX Companion for explanation.
Type  H <return>  for immediate help.
 ...                                              
                                                  
l.1627 	\]
          
Your command was ignored.
Type  I <command> <return>  to replace it with another command,
or  <return>  to continue without it.

[14]

LaTeX Warning: Citation `04_giWorkshop2000' on page 15 undefined on input line 
1630.

LaTeX Font Info:    Trying to load font information for TS1+cmss on input line 
1669.
(C:\Users\gally\AppData\Local\Programs\MiKTeX\tex/latex/base\ts1cmss.fd
File: ts1cmss.fd 2019/12/16 v2.5j Standard LaTeX font definitions
)

! LaTeX Error: Unicode character ⇔ (U+21D4)
               not set up for use with LaTeX.

See the LaTeX manual or LaTeX Companion for explanation.
Type  H <return>  for immediate help.
 ...                                              
                                                  
l.1669 	• Deadlock ⇔
                         een bereikbare staat kan helemaal geen acties uitvo...

You may provide a definition with
\DeclareUnicodeCharacter 

[15]
! Missing $ inserted.
<inserted text> 
                $
l.1700 ...m Als p en q formules zijn, dan zijn (p^
                                                  q), (p_q), (p!q) en (p\tex...
I've inserted a begin-math/end-math symbol since I think
you left one out. Proceed, with fingers crossed.

! Undefined control sequence.
l.1700 ... dan zijn (p^q), (p_q), (p!q) en (p\text
                                                  {$}q) formules.
The control sequence at the end of the top line
of your error message was never \def'ed. If you have
misspelled it (e.g., `\hobx'), type `I' and the correct
spelling (e.g., `I\hbox'). Otherwise just continue,
and I'll forget about whatever was undefined.

! Missing } inserted.
<inserted text> 
                }
l.1700 ...an zijn (p^q), (p_q), (p!q) en (p\text{$
                                                  }q) formules.
I've inserted something that you may have forgotten.
(See the <inserted text> above.)
With luck, this will get me unwedged. But if you
really didn't forget anything, try typing `2' now; then
my insertion and my current dilemma will both disappear.

! Extra }, or forgotten \endgroup.
l.1700 ...n zijn (p^q), (p_q), (p!q) en (p\text{$}
                                                  q) formules.
I've deleted a group-closing symbol because it seems to be
spurious, as in `$x}$'. But perhaps the } is legitimate and
you forgot something else, as in `\hbox{$x}'. In such cases
the way to recover is to insert both the forgotten and the
deleted material, e.g., by typing `I$}'.

[16]

LaTeX Warning: Citation `alurSystemClok' on page 17 undefined on input line 192
8.


LaTeX Warning: Citation `alurModelHybrid' on page 17 undefined on input line 19
28.

[17]

LaTeX Warning: Citation `WahlFairness' on page 18 undefined on input line 1965.



! LaTeX Error: There's no line here to end.

See the LaTeX manual or LaTeX Companion for explanation.
Type  H <return>  for immediate help.
 ...                                              
                                                  
l.1971 	D
         at variabelen zijn onder andere: water hoog  en laag, en aanal sche...

Your command was ignored.
Type  I <command> <return>  to replace it with another command,
or  <return>  to continue without it.


! LaTeX Error: Unicode character − (U+2212)
               not set up for use with LaTeX.

See the LaTeX manual or LaTeX Companion for explanation.
Type  H <return>  for immediate help.
 ...                                              
                                                  
l.1995 	G : Tijd −
                    → {0, 1}, waarbij G(t) = 1 drukt uit dat op tijdstip t de

You may provide a definition with
\DeclareUnicodeCharacter 

! Undefined control sequence.
<recently read> \bestaat 
                         
l.1998 	$\bestaat
                 $t $\in$ Tijd $\dot{}$ G(t).
The control sequence at the end of the top line
of your error message was never \def'ed. If you have
misspelled it (e.g., `\hobx'), type `I' and the correct
spelling (e.g., `I\hbox'). Otherwise just continue,
and I'll forget about whatever was undefined.


! LaTeX Error: Unicode character ≤ (U+2264)
               not set up for use with LaTeX.

See the LaTeX manual or LaTeX Companion for explanation.
Type  H <return>  for immediate help.
 ...                                              
                                                  
l.2002 	t ≤
              t0, we kunnen niet klagen dat (1.2) uiteindelijk wordt geschonden

You may provide a definition with
\DeclareUnicodeCharacter 

[18]

LaTeX Warning: Citation `isbn9789526031033' on page 19 undefined on input line 
2065.

! Double subscript.
l.2068 ...an ook worden geschreven als : $AG EF_[_
                                                  x_,_y_]$  $\models$ $\Phi_1$
I treat `x_1_2' essentially like `x_1{}_2'.

! Double subscript.
l.2068 ... ook worden geschreven als : $AG EF_[_x_
                                                  ,_y_]$  $\models$ $\Phi_1$
I treat `x_1_2' essentially like `x_1{}_2'.

! Double subscript.
l.2068 ...ok worden geschreven als : $AG EF_[_x_,_
                                                  y_]$  $\models$ $\Phi_1$
I treat `x_1_2' essentially like `x_1{}_2'.

! Double subscript.
l.2068 ... worden geschreven als : $AG EF_[_x_,_y_
                                                  ]$  $\models$ $\Phi_1$
I treat `x_1_2' essentially like `x_1{}_2'.

! Display math should end with $$.
<to be read again> 
                   \forall 
l.2072 	$\forall
                $ b,e $\in$ Time $\bullet$ A(b,e) =\int_b^{e}C(t)\,\mathrm{d...
The `$' that I just saw supposedly matches a previous `$$'.
So I shall assume that you typed `$$' both times.

! Missing $ inserted.
<inserted text> 
                $
l.2072 	$\forall
                $ b,e $\in$ Time $\bullet$ A(b,e) =\int_b^{e}C(t)\,\mathrm{d...
I've inserted a begin-math/end-math symbol since I think
you left one out. Proceed, with fingers crossed.

! Missing $ inserted.
<inserted text> 
                $
l.2072 ...l$ b,e $\in$ Time $\bullet$ A(b,e) =\int
                                                  _b^{e}C(t)\,\mathrm{d}t $\...
I've inserted a begin-math/end-math symbol since I think
you left one out. Proceed, with fingers crossed.

! Missing $ inserted.
<inserted text> 
                $
l.2072 ...(b,e) =\int_b^{e}C(t)\,\mathrm{d}t $\leq
                                                  $  u(b,e)
I've inserted a begin-math/end-math symbol since I think
you left one out. Proceed, with fingers crossed.


! LaTeX Error: Bad math environment delimiter.

See the LaTeX manual or LaTeX Companion for explanation.
Type  H <return>  for immediate help.
 ...                                              
                                                  
l.2073 	\]
          
Your command was ignored.
Type  I <command> <return>  to replace it with another command,
or  <return>  to continue without it.

[19]
No file verslag.bbl.
(verslag.aux)

LaTeX Warning: There were undefined references.

 ) 
Here is how much of TeX's memory you used:
 7992 strings out of 475385
 156645 string characters out of 2776908
 531824 words of memory out of 3000000
 29309 multiletter control sequences out of 15000+600000
 472808 words of font info for 40 fonts, out of 8000000 for 9000
 1141 hyphenation exceptions out of 8191
 67i,5n,79p,1757b,327s stack positions out of 10000i,1000n,20000p,200000b,80000s
 <C:\Users\gally\AppData\Local\MiKTeX\fonts/pk/ljfour/jknappen/ec/dpi600\tcss
1000.pk> <C:\Users\gally\AppData\Local\MiKTeX\fonts/pk/ljfour/jknappen/ec/dpi60
0\tcrm1000.pk><C:/Users/gally/AppData/Local/Programs/MiKTeX/fonts/type1/public/
amsfonts/cm/cmbx10.pfb><C:/Users/gally/AppData/Local/Programs/MiKTeX/fonts/type
1/public/amsfonts/cm/cmbx12.pfb><C:/Users/gally/AppData/Local/Programs/MiKTeX/f
onts/type1/public/amsfonts/cm/cmex10.pfb><C:/Users/gally/AppData/Local/Programs
/MiKTeX/fonts/type1/public/amsfonts/cm/cmmi10.pfb><C:/Users/gally/AppData/Local
/Programs/MiKTeX/fonts/type1/public/amsfonts/cm/cmmi7.pfb><C:/Users/gally/AppDa
ta/Local/Programs/MiKTeX/fonts/type1/public/amsfonts/cm/cmr10.pfb><C:/Users/gal
ly/AppData/Local/Programs/MiKTeX/fonts/type1/public/amsfonts/cm/cmr7.pfb><C:/Us
ers/gally/AppData/Local/Programs/MiKTeX/fonts/type1/public/amsfonts/cm/cmss10.p
fb><C:/Users/gally/AppData/Local/Programs/MiKTeX/fonts/type1/public/amsfonts/cm
/cmssbx10.pfb><C:/Users/gally/AppData/Local/Programs/MiKTeX/fonts/type1/public/
amsfonts/cm/cmsy10.pfb><C:/Users/gally/AppData/Local/Programs/MiKTeX/fonts/type
1/public/amsfonts/cm/cmtt10.pfb>
Output written on verslag.pdf (20 pages, 212330 bytes).
PDF statistics:
 138 PDF objects out of 1000 (max. 8388607)
 0 named destinations out of 1000 (max. 500000)
 6 words of extra memory for PDF output out of 10000 (max. 10000000)

